Log file open, 09/20/19 21:28:34
LogWindows: Failed to load 'aqProf.dll' (GetLastError=126)
LogWindows: File 'aqProf.dll' does not exist
LogWindows: Failed to load 'VtuneApi.dll' (GetLastError=126)
LogWindows: File 'VtuneApi.dll' does not exist
LogWindows: Failed to load 'VtuneApi32e.dll' (GetLastError=126)
LogWindows: File 'VtuneApi32e.dll' does not exist
LogInit: Display: Running engine for game: Music_Tower_Project
LogPlatformFile: Not using cached read wrapper
LogTaskGraph: Started task graph with 5 named threads and 23 total threads with 3 sets of task threads.
LogStats: Stats thread started at 0.301795
LogD3D11RHI: Loaded GFSDK_Aftermath_Lib.x64.dll
LogICUInternationalization: Display: ICU TimeZone Detection - Raw Offset: -6:00, Platform Override: ''
LogPluginManager: Mounting plugin Paper2D
LogPluginManager: Mounting plugin AISupport
LogPluginManager: Mounting plugin LightPropagationVolume
LogPluginManager: Mounting plugin CLionSourceCodeAccess
LogPluginManager: Mounting plugin CodeLiteSourceCodeAccess
LogPluginManager: Mounting plugin GitSourceControl
LogPluginManager: Mounting plugin KDevelopSourceCodeAccess
LogPluginManager: Mounting plugin NullSourceCodeAccess
LogPluginManager: Mounting plugin PerforceSourceControl
LogPluginManager: Mounting plugin SubversionSourceControl
LogPluginManager: Mounting plugin UObjectPlugin
LogPluginManager: Mounting plugin VisualStudioCodeSourceCodeAccess
LogPluginManager: Mounting plugin VisualStudioSourceCodeAccess
LogPluginManager: Mounting plugin XCodeSourceCodeAccess
LogPluginManager: Mounting plugin AssetManagerEditor
LogPluginManager: Mounting plugin CryptoKeys
LogPluginManager: Mounting plugin DataValidation
LogPluginManager: Mounting plugin FacialAnimation
LogPluginManager: Mounting plugin GameplayTagsEditor
LogPluginManager: Mounting plugin MacGraphicsSwitching
LogPluginManager: Mounting plugin MeshEditor
LogPluginManager: Mounting plugin MobileLauncherProfileWizard
LogPluginManager: Mounting plugin PluginBrowser
LogPluginManager: Mounting plugin SpeedTreeImporter
LogPluginManager: Mounting plugin DatasmithContent
LogPluginManager: Mounting plugin AlembicImporter
LogPluginManager: Mounting plugin AppleImageUtils
LogPluginManager: Mounting plugin AppleVision
LogPluginManager: Mounting plugin BackChannel
LogPluginManager: Mounting plugin CharacterAI
LogPluginManager: Mounting plugin GeometryCache
LogPluginManager: Mounting plugin HTML5Networking
LogPluginManager: Mounting plugin ProxyLODPlugin
LogPluginManager: Mounting plugin MagicLeap
LogPluginManager: Mounting plugin MagicLeapEmulator
LogPluginManager: Mounting plugin MagicLeapMedia
LogPluginManager: Mounting plugin AndroidMedia
LogPluginManager: Mounting plugin AvfMedia
LogPluginManager: Mounting plugin ImgMedia
LogPluginManager: Mounting plugin LinearTimecode
LogPluginManager: Mounting plugin MediaCompositing
LogPluginManager: Mounting plugin MediaPlayerEditor
LogPluginManager: Mounting plugin WmfMedia
LogPluginManager: Mounting plugin TcpMessaging
LogPluginManager: Mounting plugin UdpMessaging
LogPluginManager: Mounting plugin ActorSequence
LogPluginManager: Mounting plugin LevelSequenceEditor
LogPluginManager: Mounting plugin MatineeToLevelSequence
LogPluginManager: Mounting plugin NetcodeUnitTest
LogPluginManager: Mounting plugin NUTUnrealEngine4
LogPluginManager: Mounting plugin OnlineSubsystemGooglePlay
LogPluginManager: Mounting plugin OnlineSubsystemIOS
LogPluginManager: Mounting plugin OnlineSubsystem
LogPluginManager: Mounting plugin OnlineSubsystemNull
LogPluginManager: Mounting plugin OnlineSubsystemUtils
LogPluginManager: Mounting plugin LauncherChunkInstaller
LogPluginManager: Mounting plugin AndroidDeviceProfileSelector
LogPluginManager: Mounting plugin AndroidMoviePlayer
LogPluginManager: Mounting plugin AndroidPermission
LogPluginManager: Mounting plugin AppleMoviePlayer
LogPluginManager: Mounting plugin ArchVisCharacter
LogPluginManager: Mounting plugin AudioCapture
LogPluginManager: Mounting plugin CableComponent
LogPluginManager: Mounting plugin CustomMeshComponent
LogPluginManager: Mounting plugin EditableMesh
LogPluginManager: Mounting plugin ExampleDeviceProfileSelector
LogPluginManager: Mounting plugin GoogleCloudMessaging
LogPluginManager: Mounting plugin ImmediatePhysics
LogPluginManager: Mounting plugin IOSDeviceProfileSelector
LogPluginManager: Mounting plugin LinuxDeviceProfileSelector
LogPluginManager: Mounting plugin LocationServicesBPLibrary
LogPluginManager: Mounting plugin MobilePatchingUtils
LogPluginManager: Mounting plugin OculusVR
LogPluginManager: Plugin shader directory ../../../Engine/Plugins/Runtime/Oculus/OculusVR/Shaders found
LogPluginManager: Mapping shader source directory ../../../Engine/Plugins/Runtime/Oculus/OculusVR/Shaders to virtual directory /Plugin/OculusVR
LogPluginManager: Mounting plugin PhysXVehicles
LogPluginManager: Mounting plugin ProceduralMeshComponent
LogPluginManager: Mounting plugin RuntimePhysXCooking
LogPluginManager: Mounting plugin SteamVR
LogPluginManager: Mounting plugin WindowsMoviePlayer
LogStreaming: Display: Took  0.329s to configure plugins.
LogInit: Using libcurl 7.55.1-DEV
LogInit:  - built for x86_64-pc-win32
LogInit:  - supports SSL with OpenSSL/1.0.2h
LogInit:  - supports HTTP deflate (compression) using libz 1.2.8
LogInit:  - other features:
LogInit:      CURL_VERSION_SSL
LogInit:      CURL_VERSION_LIBZ
LogInit:      CURL_VERSION_IPV6
LogInit:      CURL_VERSION_ASYNCHDNS
LogInit:      CURL_VERSION_LARGEFILE
LogInit:      CURL_VERSION_IDN
LogInit:  CurlRequestOptions (configurable via config and command line):
LogInit:  - bVerifyPeer = false  - Libcurl will NOT verify peer certificate
LogInit:  - bUseHttpProxy = false  - Libcurl will NOT use HTTP proxy
LogInit:  - bDontReuseConnections = false  - Libcurl will reuse connections
LogInit:  - CertBundlePath = nullptr  - Libcurl will use whatever was configured at build time.
LogInit:  - MaxHostConnections = 16  - Libcurl will limit the number of connections to a host
LogInit:  - LocalHostAddr = Default
LogInit:  - BufferSize = 65536
LogInit: WinSock: version 1.1 (2.2), MaxSocks=32767, MaxUdp=65467
LogInit: Build: ++UE4+Release-4.20-CL-4369336
LogInit: Engine Version: 4.20.3-4369336+++UE4+Release-4.20
LogInit: Compatible Engine Version: 4.20.0-4212847+++UE4+Release-4.20
LogInit: Net CL: 4212847
LogInit: OS: Windows 10 (), CPU: Intel(R) Core(TM) i7-4710MQ CPU @ 2.50GHz, GPU: Intel(R) HD Graphics 4600
LogInit: Compiled (64-bit): Sep 17 2018 12:26:19
LogInit: Compiled with Visual C++: 19.13.26129.00
LogInit: Build Configuration: Development
LogInit: Branch Name: ++UE4+Release-4.20
LogInit: Command Line:  
LogInit: Base Directory: D:/HDD Program Files/Epic Games/UE_4.20/Engine/Binaries/Win64/
LogInit: Installed Engine Build: 1
LogDevObjectVersion: Number of dev versions registered: 20
LogDevObjectVersion:   Dev-Blueprints (B0D832E4-1F89-4F0D-ACCF-7EB736FD4AA2): 10
LogDevObjectVersion:   Dev-Build (E1C64328-A22C-4D53-A36C-8E866417BD8C): 0
LogDevObjectVersion:   Dev-Core (375EC13C-06E4-48FB-B500-84F0262A717E): 2
LogDevObjectVersion:   Dev-Editor (E4B068ED-F494-42E9-A231-DA0B2E46BB41): 24
LogDevObjectVersion:   Dev-Framework (CFFC743F-43B0-4480-9391-14DF171D2073): 34
LogDevObjectVersion:   Dev-Mobile (B02B49B5-BB20-44E9-A304-32B752E40360): 2
LogDevObjectVersion:   Dev-Networking (A4E4105C-59A1-49B5-A7C5-40C4547EDFEE): 0
LogDevObjectVersion:   Dev-Online (39C831C9-5AE6-47DC-9A44-9C173E1C8E7C): 0
LogDevObjectVersion:   Dev-Physics (78F01B33-EBEA-4F98-B9B4-84EACCB95AA2): 0
LogDevObjectVersion:   Dev-Platform (6631380F-2D4D-43E0-8009-CF276956A95A): 0
LogDevObjectVersion:   Dev-Rendering (12F88B9F-8875-4AFC-A67C-D90C383ABD29): 26
LogDevObjectVersion:   Dev-Sequencer (7B5AE74C-D270-4C10-A958-57980B212A5A): 9
LogDevObjectVersion:   Dev-VR (D7296918-1DD6-4BDD-9DE2-64A83CC13884): 2
LogDevObjectVersion:   Dev-LoadTimes (C2A15278-BFE7-4AFE-6C17-90FF531DF755): 1
LogDevObjectVersion:   Private-Geometry (6EACA3D4-40EC-4CC1-B786-8BED09428FC5): 3
LogDevObjectVersion:   Dev-AnimPhys (29E575DD-E0A3-4627-9D10-D276232CDCEA): 17
LogDevObjectVersion:   Dev-ReflectionCapture (6B266CEC-1EC7-4B8F-A30B-E4D90942FC07): 1
LogDevObjectVersion:   Dev-Automation (0DF73D61-A23F-47EA-B727-89E90C41499A): 1
LogDevObjectVersion:   FortniteMain (601D1886-AC64-4F84-AA16-D3DE0DEAC7D6): 12
LogDevObjectVersion:   Dev-Enterprise (9DFFBCD6-494F-0158-E221-12823C92A888): 1
LogStreaming: Display: Took  0.001s to delete old logs.
LogInit: Presizing for max 8388607 objects, including 0 objects not considered by GC, pre-allocating 0 bytes for permanent pool.
LogInit: Object subsystem initialized
[2019.09.21-02.28.35:224][  0]LogInit: Selected Device Profile: [Windows]
[2019.09.21-02.28.35:224][  0]LogInit: Applying CVar settings loaded from the selected device profile: [Windows]
[2019.09.21-02.28.35:238][  0]LogHAL: Display: Platform has ~ 16 GB [16995405824 / 17179869184 / 16], which maps to Larger [LargestMinGB=32, LargerMinGB=12, DefaultMinGB=8, SmallerMinGB=6, SmallestMinGB=0)
[2019.09.21-02.28.35:238][  0]LogInit: Setting Device Profile CVar: [[r.Vulkan.UseRealUBs:1]]
[2019.09.21-02.28.35:238][  0]LogInit: Going up to parent DeviceProfile []
[2019.09.21-02.28.35:239][  0]LogInit: Computer: JONAHSPC
[2019.09.21-02.28.35:239][  0]LogInit: User: jonah
[2019.09.21-02.28.35:239][  0]LogInit: CPU Page size=4096, Cores=4
[2019.09.21-02.28.35:239][  0]LogInit: High frequency timer resolution =10.000000 MHz
[2019.09.21-02.28.35:239][  0]LogMemory: Memory total: Physical=15.8GB (16GB approx)
[2019.09.21-02.28.35:239][  0]LogMemory: Platform Memory Stats for Windows
[2019.09.21-02.28.35:239][  0]LogMemory: Process Physical Memory: 101.64 MB used, 101.64 MB peak
[2019.09.21-02.28.35:239][  0]LogMemory: Process Virtual Memory: 92.07 MB used, 92.07 MB peak
[2019.09.21-02.28.35:239][  0]LogMemory: Physical Memory: 4929.14 MB used,  11278.95 MB free, 16208.08 MB total
[2019.09.21-02.28.35:239][  0]LogMemory: Virtual Memory: 4629.64 MB used,  11278.95 MB free, 134217728.00 MB total
[2019.09.21-02.28.35:280][  0]LogInit: Using OS detected language (en-US).
[2019.09.21-02.28.35:280][  0]LogInit: Using OS detected locale (en-US).
[2019.09.21-02.28.35:282][  0]LogTextLocalizationManager: No specific localization for 'en-US' exists, so the 'en' localization will be used.
[2019.09.21-02.28.35:692][  0]LogStreaming: Display: Took  0.412s to InitEngineTextLocalization.
[2019.09.21-02.28.35:692][  0]LogInit: Setting process to per monitor DPI aware
[2019.09.21-02.28.35:748][  0]LogSlate: New Slate User Created.  User Index 0, Is Virtual User: 0
[2019.09.21-02.28.35:748][  0]LogSlate: Slate User Registered.  User Index 0, Is Virtual User: 0
[2019.09.21-02.28.36:379][  0]LogHMD: Failed to initialize OpenVR with code 110
[2019.09.21-02.28.36:379][  0]LogD3D11RHI: D3D11 adapters:
[2019.09.21-02.28.36:468][  0]LogD3D11RHI:    0. 'NVIDIA GeForce GTX 860M' (Feature Level 11_0)
[2019.09.21-02.28.36:468][  0]LogD3D11RHI:       2010/0/8104 MB DedicatedVideo/DedicatedSystem/SharedSystem, Outputs:2, VendorId:0x10de
[2019.09.21-02.28.36:477][  0]LogD3D11RHI:    1. 'Intel(R) HD Graphics 4600' (Feature Level 11_0)
[2019.09.21-02.28.36:477][  0]LogD3D11RHI:       112/0/2048 MB DedicatedVideo/DedicatedSystem/SharedSystem, Outputs:0, VendorId:0x8086
[2019.09.21-02.28.36:480][  0]LogD3D11RHI:    2. 'Microsoft Basic Render Driver' (Feature Level 11_0)
[2019.09.21-02.28.36:480][  0]LogD3D11RHI:       0/0/8104 MB DedicatedVideo/DedicatedSystem/SharedSystem, Outputs:0, VendorId:0x1414
[2019.09.21-02.28.36:480][  0]LogD3D11RHI: Chosen D3D11 Adapter: 0
[2019.09.21-02.28.36:517][  0]LogD3D11RHI: Creating new Direct3DDevice
[2019.09.21-02.28.36:517][  0]LogD3D11RHI:     GPU DeviceId: 0x1392 (for the marketing name, search the web for "GPU Device Id")
[2019.09.21-02.28.36:517][  0]LogWindows: EnumDisplayDevices:
[2019.09.21-02.28.36:517][  0]LogWindows:    0. 'Intel(R) HD Graphics 4600' (P:1 D:1)
[2019.09.21-02.28.36:518][  0]LogWindows:    1. 'Intel(R) HD Graphics 4600' (P:0 D:1)
[2019.09.21-02.28.36:519][  0]LogWindows:    2. 'Intel(R) HD Graphics 4600' (P:0 D:0)
[2019.09.21-02.28.36:519][  0]LogWindows: DebugString: PrimaryIsNotTheChoosenAdapter PrimaryIsNotTheChoosenAdapter PrimaryIsNotTheChoosenAdapter FoundDriverCount:0 
[2019.09.21-02.28.36:519][  0]LogD3D11RHI:     Adapter Name: NVIDIA GeForce GTX 860M
[2019.09.21-02.28.36:519][  0]LogD3D11RHI:   Driver Version: Unknown (internal:Unknown, unified:Unknown)
[2019.09.21-02.28.36:519][  0]LogD3D11RHI:      Driver Date: Unknown
[2019.09.21-02.28.36:519][  0]LogRHI: Texture pool is 1407 MB (70% of 2010 MB)
[2019.09.21-02.28.36:577][  0]LogD3D11RHI: Async texture creation enabled
[2019.09.21-02.28.36:597][  0]LogD3D11RHI: GPU Timing Frequency: 1000.000000 (Debug: 2 1)
[2019.09.21-02.28.36:599][  0]LogShaderCompilers: Guid format shader working directory is -50 characters bigger than the processId version (../../../../../../Users/Jonah/Documents/Unreal Projects/Music-Tower-Project/Music_Tower_Project/Intermediate/Shaders/WorkingDirectory/17260/).
[2019.09.21-02.28.36:599][  0]LogShaderCompilers: Cleaned the shader compiler working directory 'C:/Users/jonah/AppData/Local/Temp/UnrealShaderWorkingDir/1697437840E997E026F2E4A9A1FF3BA3/'.
[2019.09.21-02.28.37:017][  0]LogTemp: Display: Loaded TP AllDesktopTargetPlatform
[2019.09.21-02.28.37:033][  0]LogTemp: Display: Loaded TP MacClientTargetPlatform
[2019.09.21-02.28.37:050][  0]LogTemp: Display: Loaded TP MacNoEditorTargetPlatform
[2019.09.21-02.28.37:066][  0]LogTemp: Display: Loaded TP MacServerTargetPlatform
[2019.09.21-02.28.37:083][  0]LogTemp: Display: Loaded TP MacTargetPlatform
[2019.09.21-02.28.37:099][  0]LogTemp: Display: Loaded TP WindowsClientTargetPlatform
[2019.09.21-02.28.37:115][  0]LogTemp: Display: Loaded TP WindowsNoEditorTargetPlatform
[2019.09.21-02.28.37:132][  0]LogTemp: Display: Loaded TP WindowsServerTargetPlatform
[2019.09.21-02.28.37:140][  0]LogTemp: Display: Loaded TP WindowsTargetPlatform
[2019.09.21-02.28.37:229][  0]LogTemp: Display: Loaded TP AndroidTargetPlatform
[2019.09.21-02.28.37:229][  0]LogTemp: Display: Loaded TP AndroidTargetPlatform
[2019.09.21-02.28.37:229][  0]LogTemp: Display: Loaded TP AndroidTargetPlatform
[2019.09.21-02.28.37:229][  0]LogTemp: Display: Loaded TP AndroidTargetPlatform
[2019.09.21-02.28.37:229][  0]LogTemp: Display: Loaded TP AndroidTargetPlatform
[2019.09.21-02.28.37:229][  0]LogTemp: Display: Loaded TP AndroidTargetPlatform
[2019.09.21-02.28.37:229][  0]LogTemp: Display: Loaded TP AndroidTargetPlatform
[2019.09.21-02.28.37:229][  0]LogTemp: Display: Loaded TP AndroidTargetPlatform
[2019.09.21-02.28.37:229][  0]LogTemp: Display: Loaded TP AndroidTargetPlatform
[2019.09.21-02.28.37:229][  0]LogTemp: Display: Loaded TP AndroidTargetPlatform
[2019.09.21-02.28.37:229][  0]LogTemp: Display: Loaded TP AndroidTargetPlatform
[2019.09.21-02.28.37:229][  0]LogTemp: Display: Loaded TP AndroidTargetPlatform
[2019.09.21-02.28.37:229][  0]LogTemp: Display: Loaded TP AndroidTargetPlatform
[2019.09.21-02.28.37:229][  0]LogTemp: Display: Loaded TP AndroidTargetPlatform
[2019.09.21-02.28.37:229][  0]LogTemp: Display: Loaded TP AndroidTargetPlatform
[2019.09.21-02.28.37:229][  0]LogTemp: Display: Loaded TP AndroidTargetPlatform
[2019.09.21-02.28.37:229][  0]LogTemp: Display: Loaded TP AndroidTargetPlatform
[2019.09.21-02.28.37:229][  0]LogTemp: Display: Loaded TP AndroidTargetPlatform
[2019.09.21-02.28.37:231][  0]LogTemp: Display: Loaded TP HTML5TargetPlatform
[2019.09.21-02.28.37:298][  0]LogTemp: Display: Loaded TP IOSTargetPlatform
[2019.09.21-02.28.37:298][  0]LogTemp: Display: Loaded TP IOSTargetPlatform
[2019.09.21-02.28.37:325][  0]LogTemp: Display: Loaded TP TVOSTargetPlatform
[2019.09.21-02.28.37:325][  0]LogTemp: Display: Loaded TP TVOSTargetPlatform
[2019.09.21-02.28.37:339][  0]LogTemp: Display: Loaded TP LinuxClientTargetPlatform
[2019.09.21-02.28.37:354][  0]LogTemp: Display: Loaded TP LinuxNoEditorTargetPlatform
[2019.09.21-02.28.37:369][  0]LogTemp: Display: Loaded TP LinuxServerTargetPlatform
[2019.09.21-02.28.37:385][  0]LogTemp: Display: Loaded TP LinuxTargetPlatform
[2019.09.21-02.28.37:395][  0]LogTemp: Display: Loaded TP LuminTargetPlatform
[2019.09.21-02.28.37:396][  0]LogTargetPlatformManager: Display: Building Assets For Windows
[2019.09.21-02.28.37:482][  0]LogXGEController: Cleaning working directory: C:/Users/jonah/AppData/Local/Temp/UnrealXGEWorkingDir/
[2019.09.21-02.28.37:483][  0]LogXGEController: Cannot use XGE Controller as Incredibuild is not installed on this machine.
[2019.09.21-02.28.37:483][  0]LogShaderCompilers: Cannot use XGE Shader Compiler as Incredibuild is not installed on this machine.
[2019.09.21-02.28.37:483][  0]LogShaderCompilers: Display: Using Local Shader Compiler.
[2019.09.21-02.28.38:409][  0]LogDerivedDataCache: Display: Max Cache Size: 512 MB
[2019.09.21-02.28.38:484][  0]LogDerivedDataCache: Loaded boot cache 0.07s 71MB C:/Users/jonah/AppData/Local/UnrealEngine/4.20/DerivedDataCache/Boot.ddc.
[2019.09.21-02.28.38:485][  0]LogDerivedDataCache: Display: Loaded Boot cache: C:/Users/jonah/AppData/Local/UnrealEngine/4.20/DerivedDataCache/Boot.ddc
[2019.09.21-02.28.38:485][  0]LogDerivedDataCache: FDerivedDataBackendGraph:  Pak pak cache file ../../../../../../Users/Jonah/Documents/Unreal Projects/Music-Tower-Project/Music_Tower_Project/DerivedDataCache/DDC.ddp not found, will not use a pak cache.
[2019.09.21-02.28.38:485][  0]LogDerivedDataCache: Unable to find inner node Pak for hierarchical cache Hierarchy.
[2019.09.21-02.28.38:485][  0]LogDerivedDataCache: FDerivedDataBackendGraph:  CompressedPak pak cache file ../../../../../../Users/Jonah/Documents/Unreal Projects/Music-Tower-Project/Music_Tower_Project/DerivedDataCache/Compressed.ddp not found, will not use a pak cache.
[2019.09.21-02.28.38:485][  0]LogDerivedDataCache: Unable to find inner node CompressedPak for hierarchical cache Hierarchy.
[2019.09.21-02.28.38:502][  0]LogDerivedDataCache: Display: Pak cache opened for reading ../../../Engine/DerivedDataCache/Compressed.ddp.
[2019.09.21-02.28.38:514][  0]LogDerivedDataCache: Using Local data cache path C:/Users/jonah/AppData/Local/UnrealEngine/Common/DerivedDataCache: Writable
[2019.09.21-02.28.38:514][  0]LogDerivedDataCache: Shared data cache path not found in *engine.ini, will not use an Shared cache.
[2019.09.21-02.28.38:514][  0]LogDerivedDataCache: Unable to find inner node Shared for hierarchical cache Hierarchy.
[2019.09.21-02.28.38:534][  0]LogMaterial: Verifying Global Shaders for PCD3D_SM5
[2019.09.21-02.28.38:535][  0]LogSlate: Using FreeType 2.6.0
[2019.09.21-02.28.38:537][  0]LogSlate: SlateFontServices - WITH_FREETYPE: 1, WITH_HARFBUZZ: 1
[2019.09.21-02.28.38:661][  0]LogAssetRegistry: FAssetRegistry took 0.0272 seconds to start up
[2019.09.21-02.28.39:044][  0]LogInit: Selected Device Profile: [Windows]
[2019.09.21-02.28.39:206][  0]LogSimplygon: Simplygon DLL not present - disabling.
[2019.09.21-02.28.39:212][  0]LogMeshReduction: Using SimplygonSwarm for distributed automatic mesh merging
[2019.09.21-02.28.39:212][  0]LogMeshReduction: Using ProxyLODMeshReduction for automatic mesh merging
[2019.09.21-02.28.39:212][  0]LogMeshReduction: Using QuadricMeshReduction for automatic static mesh reduction
[2019.09.21-02.28.39:212][  0]LogMeshReduction: No automatic skeletal mesh reduction module available
[2019.09.21-02.28.39:234][  0]LogNetVersion: Music_Tower_Project 1.0.0, NetCL: 4212847, EngineNetVer: 5, GameNetVer: 0 (Checksum: 3235757584)
[2019.09.21-02.28.39:935][  0]LogPackageLocalizationCache: Processed 11 localized package path(s) for 2 prioritized culture(s) in 0.208198 seconds
[2019.09.21-02.28.39:942][  0]LogUObjectArray: 38425 objects as part of root set at end of initial load.
[2019.09.21-02.28.39:942][  0]LogUObjectAllocator: 6690872 out of 0 bytes used by permanent object pool.
[2019.09.21-02.28.39:942][  0]LogUObjectArray: CloseDisregardForGC: 0/0 objects in disregard for GC pool
[2019.09.21-02.28.41:421][  0]LogTcpMessaging: Initializing TcpMessaging bridge
[2019.09.21-02.28.41:434][  0]LogUdpMessaging: Initializing bridge on interface 0.0.0.0:0 to multicast group 230.0.0.1:6666.
[2019.09.21-02.28.41:610][  0]SourceControl: Source control is disabled
[2019.09.21-02.28.41:610][  0]SourceControl: Source control is disabled
[2019.09.21-02.28.41:612][  0]SourceControl: Source control is disabled
[2019.09.21-02.28.41:614][  0]SourceControl: Source control is disabled
[2019.09.21-02.28.41:815][  0]LogAndroidPermission: UAndroidPermissionCallbackProxy::GetInstance
[2019.09.21-02.28.42:069][  0]LogOcInput: OculusInput pre-init called
[2019.09.21-02.28.42:142][  0]LogEngine: Initializing Engine...
[2019.09.21-02.28.42:143][  0]LogHMD: Failed to initialize OpenVR with code 110
[2019.09.21-02.28.42:145][  0]LogStats: UGameplayTagsManager::ConstructGameplayTagTree: ImportINI prefixes -  0.000 s
[2019.09.21-02.28.42:145][  0]LogStats: UGameplayTagsManager::ConstructGameplayTagTree: Construct from data asset -  0.000 s
[2019.09.21-02.28.42:145][  0]LogStats: UGameplayTagsManager::ConstructGameplayTagTree: ImportINI -  0.000 s
[2019.09.21-02.28.42:145][  0]LogStats: UGameplayTagsManager::ConstructGameplayTagTree: GameplayTagTreeChangedEvent.Broadcast -  0.000 s
[2019.09.21-02.28.42:378][  0]LogInit: Initializing FReadOnlyCVARCache
[2019.09.21-02.28.42:395][  0]LogAIModule: Creating AISystem for world Untitled
[2019.09.21-02.28.42:489][  0]LogInit: XAudio2 using 'Speakers (High Definition Audio Device)' : 2 channels at 48 kHz using 16 bits per sample (channel mask 0x3)
[2019.09.21-02.28.42:591][  0]LogInit: FAudioDevice initialized.
[2019.09.21-02.28.42:592][  0]LogNetVersion: Set ProjectVersion to 1.0.0.0. Version Checksum will be recalculated on next use.
[2019.09.21-02.28.42:674][  0]LogDerivedDataCache: Saved boot cache 0.08s 71MB C:/Users/jonah/AppData/Local/UnrealEngine/4.20/DerivedDataCache/Boot.ddc.
[2019.09.21-02.28.42:684][  0]LogInit: Texture streaming: Enabled
[2019.09.21-02.28.42:714][  0]LogEngineSessionManager: EngineSessionManager initialized
[2019.09.21-02.28.42:732][  0]LogInit: Transaction tracking system initialized
[2019.09.21-02.28.42:767][  0]BlueprintLog: New page: Editor Load
[2019.09.21-02.28.42:882][  0]LocalizationService: Localization service is disabled
[2019.09.21-02.28.43:199][  0]LogCook: Display: Max memory allowance for cook 16384mb min free memory 0mb
[2019.09.21-02.28.43:199][  0]LogCook: Display: Mobile HDR setting 1
[2019.09.21-02.28.43:199][  0]LogGameplayTags: Display: UGameplayTagsManager::DoneAddingNativeTags. DelegateIsBound: 0
[2019.09.21-02.28.43:199][  0]LogStats: UGameplayTagsManager::ConstructGameplayTagTree: ImportINI prefixes -  0.000 s
[2019.09.21-02.28.43:199][  0]LogStats: UGameplayTagsManager::ConstructGameplayTagTree: Construct from data asset -  0.000 s
[2019.09.21-02.28.43:200][  0]LogStats: UGameplayTagsManager::ConstructGameplayTagTree: ImportINI -  0.000 s
[2019.09.21-02.28.43:200][  0]LogStats: UGameplayTagsManager::ConstructGameplayTagTree: GameplayTagTreeChangedEvent.Broadcast -  0.000 s
[2019.09.21-02.28.43:362][  0]LogFileCache: Scanning file cache for directory 'D:/Users/Jonah/Documents/Unreal Projects/Music-Tower-Project/Music_Tower_Project/Content/' took 0.02s
[2019.09.21-02.28.43:362][  0]SourceControl: Source control is disabled
[2019.09.21-02.28.43:362][  0]Cmd: MAP LOAD FILE="../../../../../../Users/Jonah/Documents/Unreal Projects/Music-Tower-Project/Music_Tower_Project/Content/PuzzleBP/Maps/PuzzleExampleMap.umap" TEMPLATE=0 SHOWPROGRESS=1 FEATURELEVEL=3
[2019.09.21-02.28.43:363][  0]LogEditorServer: Warning: Can't find file '../../../../../../Users/Jonah/Documents/Unreal Projects/Music-Tower-Project/Music_Tower_Project/Content/PuzzleBP/Maps/PuzzleExampleMap.umap'
[2019.09.21-02.28.43:363][  0]Cmd: MAP CHECKDEP NOCLEARLOG
[2019.09.21-02.28.43:490][  0]MapCheck: Map check complete: 0 Error(s), 0 Warning(s), took 127.038ms to complete.
[2019.09.21-02.28.43:490][  0]LogFileHelpers: Loading map 'PuzzleExampleMap' took 0.127
[2019.09.21-02.28.43:612][  0]LogSlate: Updating window title bar state: overlay mode, drag disabled, window buttons hidden, title bar hidden
[2019.09.21-02.28.43:621][  0]LogSlate: Updating window title bar state: overlay mode, drag disabled, window buttons hidden, title bar hidden
[2019.09.21-02.28.43:629][  0]LogSlate: Updating window title bar state: overlay mode, drag disabled, window buttons hidden, title bar hidden
[2019.09.21-02.28.43:637][  0]LogSlate: Updating window title bar state: overlay mode, drag disabled, window buttons hidden, title bar hidden
[2019.09.21-02.28.43:647][  0]LogCollectionManager: Loaded 0 collections in 0.003420 seconds
[2019.09.21-02.28.43:704][  0]LogFileCache: Scanning file cache for directory 'D:/Users/Jonah/Documents/Unreal Projects/Music-Tower-Project/Music_Tower_Project/Saved/Collections/' took 0.01s
[2019.09.21-02.28.43:704][  0]LogFileCache: Scanning file cache for directory 'D:/Users/Jonah/Documents/Unreal Projects/Music-Tower-Project/Music_Tower_Project/Content/Developers/jonah/Collections/' took 0.01s
[2019.09.21-02.28.43:704][  0]LogFileCache: Scanning file cache for directory 'D:/Users/Jonah/Documents/Unreal Projects/Music-Tower-Project/Music_Tower_Project/Content/Collections/' took 0.01s
[2019.09.21-02.28.43:704][  0]LogCollectionManager: Rebuilt the GUID cache for 0 collections in 0.000000 seconds
[2019.09.21-02.28.43:714][  0]LogContentBrowser: Native class hierarchy populated in 0.0102 seconds. Added 2572 classes and 603 folders.
[2019.09.21-02.28.43:725][  0]LogContentBrowser: Native class hierarchy updated for 'WidgetCarousel' in 0.0004 seconds. Added 0 classes and 0 folders.
[2019.09.21-02.28.43:888][  0]LogContentBrowser: Native class hierarchy updated for 'AddContentDialog' in 0.0004 seconds. Added 0 classes and 0 folders.
[2019.09.21-02.28.43:894][  0]LogContentBrowser: Native class hierarchy updated for 'SceneOutliner' in 0.0004 seconds. Added 1 classes and 2 folders.
[2019.09.21-02.28.43:972][  0]LogSlate: Took 0.000354 seconds to synchronously load lazily loaded font '../../../Engine/Content/Slate/Fonts/Roboto-Regular.ttf' (155K)
[2019.09.21-02.28.43:974][  0]LogSlate: Took 0.000418 seconds to synchronously load lazily loaded font '../../../Engine/Content/Slate/Fonts/Roboto-Bold.ttf' (160K)
[2019.09.21-02.28.43:980][  0]LogSlate: Took 0.000409 seconds to synchronously load lazily loaded font '../../../Engine/Content/Editor/Slate/Fonts/FontAwesome.ttf' (139K)
[2019.09.21-02.28.44:085][  0]LogRenderer: Reallocating scene render targets to support 848x512 Format 10 NumSamples 1 (Frame:1).
[2019.09.21-02.28.44:330][  0]LogContentBrowser: Native class hierarchy updated for 'HierarchicalLODOutliner' in 0.0005 seconds. Added 0 classes and 0 folders.
[2019.09.21-02.28.44:330][  0]LogLoad: (Engine Initialization) Total time: 13.39 seconds
[2019.09.21-02.28.44:330][  0]LogLoad: (Engine Initialization) Total Blueprint compile time: 0.00 seconds
[2019.09.21-02.28.44:375][  0]LogContentStreaming: Texture pool size now 1000 MB
[2019.09.21-02.28.44:406][  0]LogSlate: Took 0.000457 seconds to synchronously load lazily loaded font '../../../Engine/Content/Slate/Fonts/Roboto-Light.ttf' (167K)
[2019.09.21-02.28.44:431][  1]LogAssetRegistry: Asset discovery search completed in 5.7926 seconds
[2019.09.21-02.28.44:433][  1]LogCollectionManager: Rebuilt the object cache for 0 collections in 0.000000 seconds (found 0 objects)
[2019.09.21-02.28.44:433][  1]LogCollectionManager: Fixed up redirectors for 0 collections in 0.000050 seconds (updated 0 objects)
[2019.09.21-02.28.52:497][ 25]LogSlate: FSceneViewport::OnFocusLost() reason 0
[2019.09.21-02.28.53:529][ 86]LogSlate: Took 0.000452 seconds to synchronously load lazily loaded font '../../../Engine/Content/Slate/Fonts/Roboto-Light.ttf' (167K)
[2019.09.21-02.28.53:966][ 86]LogAIModule: Creating AISystem for world PuzzleExampleMap
[2019.09.21-02.28.54:000][ 86]LogAssetEditorManager: Opening Asset editor for World /Game/Maps/PuzzleExampleMap.PuzzleExampleMap
[2019.09.21-02.28.54:026][ 86]Cmd: MAP LOAD FILE="../../../../../../Users/Jonah/Documents/Unreal Projects/Music-Tower-Project/Music_Tower_Project/Content/Maps/PuzzleExampleMap.umap" TEMPLATE=0 SHOWPROGRESS=1 FEATURELEVEL=3
[2019.09.21-02.28.54:026][ 86]LightingResults: New page: Lighting Build
[2019.09.21-02.28.54:030][ 86]LogContentBrowser: Native class hierarchy updated for 'StatsViewer' in 0.0004 seconds. Added 5 classes and 0 folders.
[2019.09.21-02.28.54:031][ 86]LoadErrors: New page: Loading map: PuzzleExampleMap.umap
[2019.09.21-02.28.54:031][ 86]MapCheck: New page: Map Check
[2019.09.21-02.28.54:031][ 86]LightingResults: New page: Lighting Build
[2019.09.21-02.28.54:162][ 86]LogEditorServer: Finished looking for orphan Actors (0.000 secs)
[2019.09.21-02.28.54:206][ 86]Cmd: MAP CHECKDEP NOCLEARLOG
[2019.09.21-02.28.54:353][ 86]MapCheck: Map check complete: 0 Error(s), 0 Warning(s), took 147.394ms to complete.
[2019.09.21-02.28.54:354][ 86]LogFileHelpers: Loading map 'PuzzleExampleMap' took 0.328
[2019.09.21-02.29.00:860][470]LogSlate: FSceneViewport::OnFocusLost() reason 0
[2019.09.21-02.29.00:958][476]LogTemp: Repeating last play command: New Editor Window (PIE)
[2019.09.21-02.29.00:973][476]LogBlueprintUserMessages: Early PlayInEditor Detection: Level '/Game/Maps/PuzzleExampleMap.PuzzleExampleMap:PersistentLevel' has LevelScriptBlueprint '/Game/Maps/PuzzleExampleMap.PuzzleExampleMap:PersistentLevel.PuzzleExampleMap' with GeneratedClass '/Game/Maps/PuzzleExampleMap.PuzzleExampleMap_C' with ClassGeneratedBy '/Game/Maps/PuzzleExampleMap.PuzzleExampleMap:PersistentLevel.PuzzleExampleMap'
[2019.09.21-02.29.00:974][476]LogPlayLevel: PlayLevel: No blueprints needed recompiling
[2019.09.21-02.29.00:986][476]PIE: New page: PIE session: PuzzleExampleMap (Sep 20, 2019, 4:29:00 PM)
[2019.09.21-02.29.00:986][476]LogPlayLevel: Creating play world package: /Game/Maps/UEDPIE_0_PuzzleExampleMap
[2019.09.21-02.29.01:012][476]LogPlayLevel: PIE: StaticDuplicateObject took: (0.025359s)
[2019.09.21-02.29.01:012][476]LogAIModule: Creating AISystem for world PuzzleExampleMap
[2019.09.21-02.29.01:013][476]LogPlayLevel: PIE: World Init took: (0.000983s)
[2019.09.21-02.29.01:013][476]LogPlayLevel: PIE: Created PIE world by copying editor world from /Game/Maps/PuzzleExampleMap.PuzzleExampleMap to /Game/Maps/UEDPIE_0_PuzzleExampleMap.PuzzleExampleMap (0.026526s)
[2019.09.21-02.29.01:115][476]LogInit: XAudio2 using 'Speakers (High Definition Audio Device)' : 2 channels at 48 kHz using 16 bits per sample (channel mask 0x3)
[2019.09.21-02.29.01:136][476]LogInit: FAudioDevice initialized.
[2019.09.21-02.29.01:155][476]LogSlate: Updating window title bar state: overlay mode, drag disabled, window buttons hidden, title bar hidden
[2019.09.21-02.29.01:213][476]LogLoad: Game class is 'MT_GameMode_C'
[2019.09.21-02.29.01:219][476]LogWorld: Bringing World /Game/Maps/UEDPIE_0_PuzzleExampleMap.PuzzleExampleMap up for play (max tick rate 60) at 2019.09.20-21.29.01
[2019.09.21-02.29.01:220][476]LogWorld: Bringing up level for play took: 0.004745
[2019.09.21-02.29.01:240][476]LogContentBrowser: Native class hierarchy updated for 'MovieSceneCapture' in 0.0005 seconds. Added 10 classes and 0 folders.
[2019.09.21-02.29.01:246][476]PIE: Play in editor start time for /Game/Maps/UEDPIE_0_PuzzleExampleMap 0.146
[2019.09.21-02.29.01:246][476]LogBlueprintUserMessages: Late PlayInEditor Detection: Level '/Game/Maps/PuzzleExampleMap.PuzzleExampleMap:PersistentLevel' has LevelScriptBlueprint '/Game/Maps/PuzzleExampleMap.PuzzleExampleMap:PersistentLevel.PuzzleExampleMap' with GeneratedClass '/Game/Maps/PuzzleExampleMap.PuzzleExampleMap_C' with ClassGeneratedBy '/Game/Maps/PuzzleExampleMap.PuzzleExampleMap:PersistentLevel.PuzzleExampleMap'
[2019.09.21-02.29.01:280][476]LogRenderer: Reallocating scene render targets to support 1292x756 Format 10 NumSamples 1 (Frame:1).
[2019.09.21-02.29.01:771][497]LogPhysics: Warning: Initialising Body : Scale3D is (nearly) zero: Component: '/Game/Maps/UEDPIE_0_PuzzleExampleMap.PuzzleExampleMap:PersistentLevel.Tower_BP_Base_C_0.PulseSphere' 
[2019.09.21-02.29.01:804][499]LogPhysics: Warning: Initialising Body : Scale3D is (nearly) zero: Component: '/Game/Maps/UEDPIE_0_PuzzleExampleMap.PuzzleExampleMap:PersistentLevel.Tower_BP_Base_C_1.PulseSphere' 
[2019.09.21-02.29.01:822][500]LogPhysics: Warning: Initialising Body : Scale3D is (nearly) zero: Component: '/Game/Maps/UEDPIE_0_PuzzleExampleMap.PuzzleExampleMap:PersistentLevel.Tower_BP_Base_C_2.PulseSphere' 
[2019.09.21-02.29.01:839][501]LogPhysics: Warning: Initialising Body : Scale3D is (nearly) zero: Component: '/Game/Maps/UEDPIE_0_PuzzleExampleMap.PuzzleExampleMap:PersistentLevel.Tower_BP_Base_C_3.PulseSphere' 
[2019.09.21-02.29.01:970][509]LogPhysics: Warning: Initialising Body : Scale3D is (nearly) zero: Component: '/Game/Maps/UEDPIE_0_PuzzleExampleMap.PuzzleExampleMap:PersistentLevel.Tower_BP_Base_C_4.PulseSphere' 
[2019.09.21-02.29.02:003][511]LogPhysics: Warning: Initialising Body : Scale3D is (nearly) zero: Component: '/Game/Maps/UEDPIE_0_PuzzleExampleMap.PuzzleExampleMap:PersistentLevel.Tower_BP_Base_C_5.PulseSphere' 
[2019.09.21-02.29.02:203][523]LogPhysics: Warning: Initialising Body : Scale3D is (nearly) zero: Component: '/Game/Maps/UEDPIE_0_PuzzleExampleMap.PuzzleExampleMap:PersistentLevel.Tower_BP_Base_C_6.PulseSphere' 
[2019.09.21-02.29.02:352][532]LogPhysics: Warning: Initialising Body : Scale3D is (nearly) zero: Component: '/Game/Maps/UEDPIE_0_PuzzleExampleMap.PuzzleExampleMap:PersistentLevel.Tower_BP_Base_C_7.PulseSphere' 
[2019.09.21-02.29.02:436][537]LogPhysics: Warning: Initialising Body : Scale3D is (nearly) zero: Component: '/Game/Maps/UEDPIE_0_PuzzleExampleMap.PuzzleExampleMap:PersistentLevel.Tower_BP_Base_C_8.PulseSphere' 
[2019.09.21-02.29.02:503][541]LogPhysics: Warning: Initialising Body : Scale3D is (nearly) zero: Component: '/Game/Maps/UEDPIE_0_PuzzleExampleMap.PuzzleExampleMap:PersistentLevel.Tower_BP_Base_C_9.PulseSphere' 
[2019.09.21-02.29.03:153][580]LogPhysics: Warning: Initialising Body : Scale3D is (nearly) zero: Component: '/Game/Maps/UEDPIE_0_PuzzleExampleMap.PuzzleExampleMap:PersistentLevel.Tower_BP_Base_C_10.PulseSphere' 
[2019.09.21-02.29.03:170][581]LogPhysics: Warning: Initialising Body : Scale3D is (nearly) zero: Component: '/Game/Maps/UEDPIE_0_PuzzleExampleMap.PuzzleExampleMap:PersistentLevel.Tower_BP_Base_C_11.PulseSphere' 
[2019.09.21-02.29.03:220][584]LogPhysics: Warning: Initialising Body : Scale3D is (nearly) zero: Component: '/Game/Maps/UEDPIE_0_PuzzleExampleMap.PuzzleExampleMap:PersistentLevel.Tower_BP_Base_C_12.PulseSphere' 
[2019.09.21-02.29.03:954][628]LogPhysics: Warning: Initialising Body : Scale3D is (nearly) zero: Component: '/Game/Maps/UEDPIE_0_PuzzleExampleMap.PuzzleExampleMap:PersistentLevel.Tower_BP_Base_C_13.PulseSphere' 
[2019.09.21-02.29.04:021][632]LogPhysics: Warning: Initialising Body : Scale3D is (nearly) zero: Component: '/Game/Maps/UEDPIE_0_PuzzleExampleMap.PuzzleExampleMap:PersistentLevel.Tower_BP_Base_C_14.PulseSphere' 
[2019.09.21-02.29.04:987][690]LogPhysics: Warning: Initialising Body : Scale3D is (nearly) zero: Component: '/Game/Maps/UEDPIE_0_PuzzleExampleMap.PuzzleExampleMap:PersistentLevel.Tower_BP_Base_C_15.PulseSphere' 
[2019.09.21-02.29.05:087][696]LogPhysics: Warning: Initialising Body : Scale3D is (nearly) zero: Component: '/Game/Maps/UEDPIE_0_PuzzleExampleMap.PuzzleExampleMap:PersistentLevel.Tower_BP_Base_C_16.PulseSphere' 
[2019.09.21-02.29.05:271][707]LogPhysics: Warning: Initialising Body : Scale3D is (nearly) zero: Component: '/Game/Maps/UEDPIE_0_PuzzleExampleMap.PuzzleExampleMap:PersistentLevel.Tower_BP_Base_C_17.PulseSphere' 
[2019.09.21-02.29.05:471][719]LogPhysics: Warning: Initialising Body : Scale3D is (nearly) zero: Component: '/Game/Maps/UEDPIE_0_PuzzleExampleMap.PuzzleExampleMap:PersistentLevel.Tower_BP_Base_C_18.PulseSphere' 
[2019.09.21-02.29.05:921][746]LogPhysics: Warning: Initialising Body : Scale3D is (nearly) zero: Component: '/Game/Maps/UEDPIE_0_PuzzleExampleMap.PuzzleExampleMap:PersistentLevel.Tower_BP_Base_C_19.PulseSphere' 
[2019.09.21-02.29.06:038][753]LogPhysics: Warning: Initialising Body : Scale3D is (nearly) zero: Component: '/Game/Maps/UEDPIE_0_PuzzleExampleMap.PuzzleExampleMap:PersistentLevel.Tower_BP_Base_C_20.PulseSphere' 
[2019.09.21-02.29.06:088][756]LogPhysics: Warning: Initialising Body : Scale3D is (nearly) zero: Component: '/Game/Maps/UEDPIE_0_PuzzleExampleMap.PuzzleExampleMap:PersistentLevel.Tower_BP_Base_C_21.PulseSphere' 
[2019.09.21-02.29.07:037][812]LogSlate: FSceneViewport::OnFocusLost() reason 0
[2019.09.21-02.29.07:071][814]LogBlueprintUserMessages: Early EndPlayMap Detection: Level '/Game/Maps/PuzzleExampleMap.PuzzleExampleMap:PersistentLevel' has LevelScriptBlueprint '/Game/Maps/PuzzleExampleMap.PuzzleExampleMap:PersistentLevel.PuzzleExampleMap' with GeneratedClass '/Game/Maps/PuzzleExampleMap.PuzzleExampleMap_C' with ClassGeneratedBy '/Game/Maps/PuzzleExampleMap.PuzzleExampleMap:PersistentLevel.PuzzleExampleMap'
[2019.09.21-02.29.07:071][814]LogSlate: Updating window title bar state: overlay mode, drag disabled, window buttons hidden, title bar hidden
[2019.09.21-02.29.07:086][814]LogSlate: Window 'Music_Tower_Project Game Preview Standalone (64-bit/PCD3D_SM5)' being destroyed
[2019.09.21-02.29.07:120][814]LogPlayLevel: Display: Shutting down PIE online subsystems
[2019.09.21-02.29.07:121][814]LogBlueprintUserMessages: Late EndPlayMap Detection: Level '/Game/Maps/PuzzleExampleMap.PuzzleExampleMap:PersistentLevel' has LevelScriptBlueprint '/Game/Maps/PuzzleExampleMap.PuzzleExampleMap:PersistentLevel.PuzzleExampleMap' with GeneratedClass '/Game/Maps/PuzzleExampleMap.PuzzleExampleMap_C' with ClassGeneratedBy '/Game/Maps/PuzzleExampleMap.PuzzleExampleMap:PersistentLevel.PuzzleExampleMap'
[2019.09.21-02.29.07:173][815]LogPlayLevel: Display: Destroying online subsystem :Context_1
[2019.09.21-02.29.35:675][291]LogInit: XAudio2 using 'Speakers (5- USB Audio Device)' : 2 channels at 48 kHz using 16 bits per sample (channel mask 0x3)
[2019.09.21-02.29.35:899][292]LogInit: XAudio2 using 'Speakers (5- USB Audio Device)' : 2 channels at 48 kHz using 16 bits per sample (channel mask 0x3)
[2019.09.21-02.30.42:057][253]LogSlate: FSceneViewport::OnFocusLost() reason 0
[2019.09.21-02.30.42:139][258]LogTemp: Repeating last play command: New Editor Window (PIE)
[2019.09.21-02.30.42:154][258]LogBlueprintUserMessages: Early PlayInEditor Detection: Level '/Game/Maps/PuzzleExampleMap.PuzzleExampleMap:PersistentLevel' has LevelScriptBlueprint '/Game/Maps/PuzzleExampleMap.PuzzleExampleMap:PersistentLevel.PuzzleExampleMap' with GeneratedClass '/Game/Maps/PuzzleExampleMap.PuzzleExampleMap_C' with ClassGeneratedBy '/Game/Maps/PuzzleExampleMap.PuzzleExampleMap:PersistentLevel.PuzzleExampleMap'
[2019.09.21-02.30.42:154][258]LogPlayLevel: PlayLevel: No blueprints needed recompiling
[2019.09.21-02.30.42:155][258]PIE: New page: PIE session: PuzzleExampleMap (Sep 20, 2019, 4:30:42 PM)
[2019.09.21-02.30.42:155][258]LogPlayLevel: Creating play world package: /Game/Maps/UEDPIE_0_PuzzleExampleMap
[2019.09.21-02.30.42:171][258]LogPlayLevel: PIE: StaticDuplicateObject took: (0.015869s)
[2019.09.21-02.30.42:171][258]LogAIModule: Creating AISystem for world PuzzleExampleMap
[2019.09.21-02.30.42:172][258]LogPlayLevel: PIE: World Init took: (0.000876s)
[2019.09.21-02.30.42:172][258]LogPlayLevel: PIE: Created PIE world by copying editor world from /Game/Maps/PuzzleExampleMap.PuzzleExampleMap to /Game/Maps/UEDPIE_0_PuzzleExampleMap.PuzzleExampleMap (0.016925s)
[2019.09.21-02.30.42:293][258]LogInit: XAudio2 using 'Speakers (5- USB Audio Device)' : 2 channels at 48 kHz using 16 bits per sample (channel mask 0x3)
[2019.09.21-02.30.42:315][258]LogInit: FAudioDevice initialized.
[2019.09.21-02.30.42:333][258]LogSlate: Updating window title bar state: overlay mode, drag disabled, window buttons hidden, title bar hidden
[2019.09.21-02.30.42:383][258]LogLoad: Game class is 'MT_GameMode_C'
[2019.09.21-02.30.42:388][258]LogWorld: Bringing World /Game/Maps/UEDPIE_0_PuzzleExampleMap.PuzzleExampleMap up for play (max tick rate 60) at 2019.09.20-21.30.42
[2019.09.21-02.30.42:389][258]LogWorld: Bringing up level for play took: 0.005144
[2019.09.21-02.30.42:405][258]PIE: Play in editor start time for /Game/Maps/UEDPIE_0_PuzzleExampleMap -0.695
[2019.09.21-02.30.42:405][258]LogBlueprintUserMessages: Late PlayInEditor Detection: Level '/Game/Maps/PuzzleExampleMap.PuzzleExampleMap:PersistentLevel' has LevelScriptBlueprint '/Game/Maps/PuzzleExampleMap.PuzzleExampleMap:PersistentLevel.PuzzleExampleMap' with GeneratedClass '/Game/Maps/PuzzleExampleMap.PuzzleExampleMap_C' with ClassGeneratedBy '/Game/Maps/PuzzleExampleMap.PuzzleExampleMap:PersistentLevel.PuzzleExampleMap'
[2019.09.21-02.30.43:326][308]LogPhysics: Warning: Initialising Body : Scale3D is (nearly) zero: Component: '/Game/Maps/UEDPIE_0_PuzzleExampleMap.PuzzleExampleMap:PersistentLevel.Tower_BP_Base_C_0.PulseSphere' 
[2019.09.21-02.30.43:343][309]LogPhysics: Warning: Initialising Body : Scale3D is (nearly) zero: Component: '/Game/Maps/UEDPIE_0_PuzzleExampleMap.PuzzleExampleMap:PersistentLevel.Tower_BP_Base_C_1.PulseSphere' 
[2019.09.21-02.30.43:376][311]LogPhysics: Warning: Initialising Body : Scale3D is (nearly) zero: Component: '/Game/Maps/UEDPIE_0_PuzzleExampleMap.PuzzleExampleMap:PersistentLevel.Tower_BP_Base_C_2.PulseSphere' 
[2019.09.21-02.30.43:442][315]LogPhysics: Warning: Initialising Body : Scale3D is (nearly) zero: Component: '/Game/Maps/UEDPIE_0_PuzzleExampleMap.PuzzleExampleMap:PersistentLevel.Tower_BP_Base_C_3.PulseSphere' 
[2019.09.21-02.30.43:492][318]LogPhysics: Warning: Initialising Body : Scale3D is (nearly) zero: Component: '/Game/Maps/UEDPIE_0_PuzzleExampleMap.PuzzleExampleMap:PersistentLevel.Tower_BP_Base_C_4.PulseSphere' 
[2019.09.21-02.30.43:675][329]LogPhysics: Warning: Initialising Body : Scale3D is (nearly) zero: Component: '/Game/Maps/UEDPIE_0_PuzzleExampleMap.PuzzleExampleMap:PersistentLevel.Tower_BP_Base_C_5.PulseSphere' 
[2019.09.21-02.30.43:976][347]LogPhysics: Warning: Initialising Body : Scale3D is (nearly) zero: Component: '/Game/Maps/UEDPIE_0_PuzzleExampleMap.PuzzleExampleMap:PersistentLevel.Tower_BP_Base_C_6.PulseSphere' 
[2019.09.21-02.30.44:009][349]LogPhysics: Warning: Initialising Body : Scale3D is (nearly) zero: Component: '/Game/Maps/UEDPIE_0_PuzzleExampleMap.PuzzleExampleMap:PersistentLevel.Tower_BP_Base_C_7.PulseSphere' 
[2019.09.21-02.30.44:042][351]LogPhysics: Warning: Initialising Body : Scale3D is (nearly) zero: Component: '/Game/Maps/UEDPIE_0_PuzzleExampleMap.PuzzleExampleMap:PersistentLevel.Tower_BP_Base_C_8.PulseSphere' 
[2019.09.21-02.30.44:059][352]LogPhysics: Warning: Initialising Body : Scale3D is (nearly) zero: Component: '/Game/Maps/UEDPIE_0_PuzzleExampleMap.PuzzleExampleMap:PersistentLevel.Tower_BP_Base_C_9.PulseSphere' 
[2019.09.21-02.30.44:242][363]LogPhysics: Warning: Initialising Body : Scale3D is (nearly) zero: Component: '/Game/Maps/UEDPIE_0_PuzzleExampleMap.PuzzleExampleMap:PersistentLevel.Tower_BP_Base_C_10.PulseSphere' 
[2019.09.21-02.30.44:526][380]LogPhysics: Warning: Initialising Body : Scale3D is (nearly) zero: Component: '/Game/Maps/UEDPIE_0_PuzzleExampleMap.PuzzleExampleMap:PersistentLevel.Tower_BP_Base_C_11.PulseSphere' 
[2019.09.21-02.30.44:576][383]LogPhysics: Warning: Initialising Body : Scale3D is (nearly) zero: Component: '/Game/Maps/UEDPIE_0_PuzzleExampleMap.PuzzleExampleMap:PersistentLevel.Tower_BP_Base_C_12.PulseSphere' 
[2019.09.21-02.30.44:626][386]LogPhysics: Warning: Initialising Body : Scale3D is (nearly) zero: Component: '/Game/Maps/UEDPIE_0_PuzzleExampleMap.PuzzleExampleMap:PersistentLevel.Tower_BP_Base_C_13.PulseSphere' 
[2019.09.21-02.30.44:642][387]LogPhysics: Warning: Initialising Body : Scale3D is (nearly) zero: Component: '/Game/Maps/UEDPIE_0_PuzzleExampleMap.PuzzleExampleMap:PersistentLevel.Tower_BP_Base_C_14.PulseSphere' 
[2019.09.21-02.30.44:892][402]LogPhysics: Warning: Initialising Body : Scale3D is (nearly) zero: Component: '/Game/Maps/UEDPIE_0_PuzzleExampleMap.PuzzleExampleMap:PersistentLevel.Tower_BP_Base_C_15.PulseSphere' 
[2019.09.21-02.30.44:976][407]LogPhysics: Warning: Initialising Body : Scale3D is (nearly) zero: Component: '/Game/Maps/UEDPIE_0_PuzzleExampleMap.PuzzleExampleMap:PersistentLevel.Tower_BP_Base_C_16.PulseSphere' 
[2019.09.21-02.30.45:309][427]LogPhysics: Warning: Initialising Body : Scale3D is (nearly) zero: Component: '/Game/Maps/UEDPIE_0_PuzzleExampleMap.PuzzleExampleMap:PersistentLevel.Tower_BP_Base_C_17.PulseSphere' 
[2019.09.21-02.30.45:342][429]LogPhysics: Warning: Initialising Body : Scale3D is (nearly) zero: Component: '/Game/Maps/UEDPIE_0_PuzzleExampleMap.PuzzleExampleMap:PersistentLevel.Tower_BP_Base_C_18.PulseSphere' 
[2019.09.21-02.30.45:392][432]LogPhysics: Warning: Initialising Body : Scale3D is (nearly) zero: Component: '/Game/Maps/UEDPIE_0_PuzzleExampleMap.PuzzleExampleMap:PersistentLevel.Tower_BP_Base_C_19.PulseSphere' 
[2019.09.21-02.30.45:409][433]LogPhysics: Warning: Initialising Body : Scale3D is (nearly) zero: Component: '/Game/Maps/UEDPIE_0_PuzzleExampleMap.PuzzleExampleMap:PersistentLevel.Tower_BP_Base_C_20.PulseSphere' 
[2019.09.21-02.30.45:692][450]LogPhysics: Warning: Initialising Body : Scale3D is (nearly) zero: Component: '/Game/Maps/UEDPIE_0_PuzzleExampleMap.PuzzleExampleMap:PersistentLevel.Tower_BP_Base_C_21.PulseSphere' 
[2019.09.21-02.30.46:242][483]LogPhysics: Warning: Initialising Body : Scale3D is (nearly) zero: Component: '/Game/Maps/UEDPIE_0_PuzzleExampleMap.PuzzleExampleMap:PersistentLevel.Tower_BP_Base_C_22.PulseSphere' 
[2019.09.21-02.30.46:559][502]LogPhysics: Warning: Initialising Body : Scale3D is (nearly) zero: Component: '/Game/Maps/UEDPIE_0_PuzzleExampleMap.PuzzleExampleMap:PersistentLevel.Tower_BP_Base_C_23.PulseSphere' 
[2019.09.21-02.30.46:793][516]LogPhysics: Warning: Initialising Body : Scale3D is (nearly) zero: Component: '/Game/Maps/UEDPIE_0_PuzzleExampleMap.PuzzleExampleMap:PersistentLevel.Tower_BP_Base_C_24.PulseSphere' 
[2019.09.21-02.30.47:326][548]LogPhysics: Warning: Initialising Body : Scale3D is (nearly) zero: Component: '/Game/Maps/UEDPIE_0_PuzzleExampleMap.PuzzleExampleMap:PersistentLevel.Tower_BP_Base_C_25.PulseSphere' 
[2019.09.21-02.30.47:346][549]LogPhysics: Warning: Initialising Body : Scale3D is (nearly) zero: Component: '/Game/Maps/UEDPIE_0_PuzzleExampleMap.PuzzleExampleMap:PersistentLevel.Tower_BP_Base_C_26.PulseSphere' 
[2019.09.21-02.30.47:496][558]LogPhysics: Warning: Initialising Body : Scale3D is (nearly) zero: Component: '/Game/Maps/UEDPIE_0_PuzzleExampleMap.PuzzleExampleMap:PersistentLevel.Tower_BP_Base_C_27.PulseSphere' 
[2019.09.21-02.30.47:529][560]LogPhysics: Warning: Initialising Body : Scale3D is (nearly) zero: Component: '/Game/Maps/UEDPIE_0_PuzzleExampleMap.PuzzleExampleMap:PersistentLevel.Tower_BP_Base_C_28.PulseSphere' 
[2019.09.21-02.30.48:963][646]LogSlate: FSceneViewport::OnFocusLost() reason 0
[2019.09.21-02.30.49:046][651]LogBlueprintUserMessages: Early EndPlayMap Detection: Level '/Game/Maps/PuzzleExampleMap.PuzzleExampleMap:PersistentLevel' has LevelScriptBlueprint '/Game/Maps/PuzzleExampleMap.PuzzleExampleMap:PersistentLevel.PuzzleExampleMap' with GeneratedClass '/Game/Maps/PuzzleExampleMap.PuzzleExampleMap_C' with ClassGeneratedBy '/Game/Maps/PuzzleExampleMap.PuzzleExampleMap:PersistentLevel.PuzzleExampleMap'
[2019.09.21-02.30.49:047][651]LogSlate: Updating window title bar state: overlay mode, drag disabled, window buttons hidden, title bar hidden
[2019.09.21-02.30.49:060][651]LogSlate: Window 'Music_Tower_Project Game Preview Standalone (64-bit/PCD3D_SM5)' being destroyed
[2019.09.21-02.30.49:098][651]LogPlayLevel: Display: Shutting down PIE online subsystems
[2019.09.21-02.30.49:099][651]LogBlueprintUserMessages: Late EndPlayMap Detection: Level '/Game/Maps/PuzzleExampleMap.PuzzleExampleMap:PersistentLevel' has LevelScriptBlueprint '/Game/Maps/PuzzleExampleMap.PuzzleExampleMap:PersistentLevel.PuzzleExampleMap' with GeneratedClass '/Game/Maps/PuzzleExampleMap.PuzzleExampleMap_C' with ClassGeneratedBy '/Game/Maps/PuzzleExampleMap.PuzzleExampleMap:PersistentLevel.PuzzleExampleMap'
[2019.09.21-02.30.49:156][653]LogPlayLevel: Display: Destroying online subsystem :Context_2
[2019.09.21-02.30.54:679][984]LogSlate: FSceneViewport::OnFocusLost() reason 0
[2019.09.21-02.30.58:711][220]LogDirectoryWatcher: Warning: Failed to begin reading directory changes for ../../../../../../Users/Jonah/Documents/Unreal Projects/Music-Tower-Project/Music_Tower_Project/Plugins/. Error: The system cannot find the file specified. (0x00000002)
[2019.09.21-02.31.26:379][849]LogSlate: Window 'Plugins' being destroyed
[2019.09.21-02.31.26:385][849]LogSlate: Window 'Plugins' being destroyed
[2019.09.21-02.31.26:386][849]LogDirectoryWatcher: A directory notification for '../../../Engine/Plugins/' was aborted.
[2019.09.21-02.31.30:951][118]LogSlate: Window 'Music_Tower_Project - Unreal Editor' being destroyed
[2019.09.21-02.31.30:952][118]LogWindowsTextInputMethodSystem: Display: IME system now deactivated.
[2019.09.21-02.31.31:158][119]Cmd: QUIT_EDITOR
[2019.09.21-02.31.31:687][119]LogExit: Preparing to exit.
[2019.09.21-02.31.32:558][119]LogExit: Editor shut down
[2019.09.21-02.31.32:558][119]LogExit: Transaction tracking system shut down
[2019.09.21-02.31.32:941][119]LogExit: Object subsystem successfully closed.
[2019.09.21-02.31.32:954][119]LogShaderCompilers: Display: Shaders left to compile 0
[2019.09.21-02.31.32:957][119]LogD3D11RHI: Shutdown
[2019.09.21-02.31.32:957][119]LogD3D11RHI: CleanupD3DDevice
[2019.09.21-02.31.32:959][119]LogD3D11RHI: ~FD3D11DynamicRHI
[2019.09.21-02.31.32:973][119]LogModuleManager: Shutting down and abandoning module MovieSceneCapture (614)
[2019.09.21-02.31.32:973][119]LogModuleManager: Shutting down and abandoning module Voice (612)
[2019.09.21-02.31.32:973][119]LogModuleManager: Shutting down and abandoning module StatsViewer (610)
[2019.09.21-02.31.32:973][119]LogModuleManager: Shutting down and abandoning module HierarchicalLODOutliner (608)
[2019.09.21-02.31.32:973][119]LogModuleManager: Shutting down and abandoning module SceneOutliner (606)
[2019.09.21-02.31.32:973][119]LogModuleManager: Shutting down and abandoning module AddContentDialog (604)
[2019.09.21-02.31.32:973][119]LogModuleManager: Shutting down and abandoning module WidgetCarousel (603)
[2019.09.21-02.31.32:973][119]LogModuleManager: Shutting down and abandoning module EditorWidgets (600)
[2019.09.21-02.31.32:973][119]LogModuleManager: Shutting down and abandoning module CollectionManager (598)
[2019.09.21-02.31.32:974][119]LogModuleManager: Shutting down and abandoning module FoliageEdit (596)
[2019.09.21-02.31.32:974][119]LogModuleManager: Shutting down and abandoning module LandscapeEditor (594)
[2019.09.21-02.31.32:974][119]LogModuleManager: Shutting down and abandoning module MeshPaintMode (592)
[2019.09.21-02.31.32:974][119]LogModuleManager: Shutting down and abandoning module SceneDepthPickerMode (590)
[2019.09.21-02.31.32:974][119]LogModuleManager: Shutting down and abandoning module ActorPickerMode (588)
[2019.09.21-02.31.32:974][119]LogModuleManager: Shutting down and abandoning module GeometryMode (586)
[2019.09.21-02.31.32:974][119]LogModuleManager: Shutting down and abandoning module TextureAlignMode (584)
[2019.09.21-02.31.32:974][119]LogModuleManager: Shutting down and abandoning module BspMode (582)
[2019.09.21-02.31.32:974][119]LogModuleManager: Shutting down and abandoning module PIEPreviewDeviceProfileSelector (580)
[2019.09.21-02.31.32:974][119]LogModuleManager: Shutting down and abandoning module SequenceRecorderSections (578)
[2019.09.21-02.31.32:974][119]LogModuleManager: Shutting down and abandoning module AutomationWorker (576)
[2019.09.21-02.31.32:974][119]LogModuleManager: Shutting down and abandoning module AudioCaptureEditor (574)
[2019.09.21-02.31.32:974][119]LogModuleManager: Shutting down and abandoning module SequenceRecorder (573)
[2019.09.21-02.31.32:974][119]LogModuleManager: Shutting down and abandoning module MatineeToLevelSequence (570)
[2019.09.21-02.31.32:974][119]LogModuleManager: Shutting down and abandoning module LevelSequenceEditor (568)
[2019.09.21-02.31.32:974][119]LogModuleManager: Shutting down and abandoning module PlacementMode (567)
[2019.09.21-02.31.32:974][119]LogModuleManager: Shutting down and abandoning module MaterialEditor (566)
[2019.09.21-02.31.32:974][119]LogModuleManager: Shutting down and abandoning module WmfMediaFactory (562)
[2019.09.21-02.31.32:974][119]LogModuleManager: Shutting down and abandoning module WmfMediaEditor (560)
[2019.09.21-02.31.32:974][119]LogModuleManager: Shutting down and abandoning module MediaPlayerEditor (558)
[2019.09.21-02.31.32:974][119]LogModuleManager: Shutting down and abandoning module OpenExrWrapper (556)
[2019.09.21-02.31.32:974][119]LogModuleManager: Shutting down and abandoning module ImgMediaFactory (554)
[2019.09.21-02.31.32:974][119]LogModuleManager: Shutting down and abandoning module ImgMediaEditor (552)
[2019.09.21-02.31.32:974][119]LogModuleManager: Shutting down and abandoning module AvfMediaFactory (550)
[2019.09.21-02.31.32:974][119]LogModuleManager: Shutting down and abandoning module AvfMediaEditor (548)
[2019.09.21-02.31.32:974][119]LogModuleManager: Shutting down and abandoning module AndroidMediaFactory (546)
[2019.09.21-02.31.32:974][119]LogModuleManager: Shutting down and abandoning module AndroidMediaEditor (544)
[2019.09.21-02.31.32:974][119]LogModuleManager: Shutting down and abandoning module MagicLeapCameraPreviewFactory (542)
[2019.09.21-02.31.32:975][119]LogModuleManager: Shutting down and abandoning module MagicLeapMediaFactory (540)
[2019.09.21-02.31.32:975][119]LogModuleManager: Shutting down and abandoning module MagicLeapMediaEditor (538)
[2019.09.21-02.31.32:975][119]LogModuleManager: Shutting down and abandoning module CharacterAI (536)
[2019.09.21-02.31.32:975][119]LogModuleManager: Shutting down and abandoning module SmartSnapping (534)
[2019.09.21-02.31.32:975][119]LogModuleManager: Shutting down and abandoning module SessionServices (532)
[2019.09.21-02.31.32:975][119]LogModuleManager: Shutting down and abandoning module ViewportSnapping (530)
[2019.09.21-02.31.32:975][119]LogModuleManager: Shutting down and abandoning module ViewportInteraction (528)
[2019.09.21-02.31.32:975][119]LogModuleManager: Shutting down and abandoning module ClothPainter (526)
[2019.09.21-02.31.32:975][119]LogModuleManager: Shutting down and abandoning module SkeletalMeshEditor (525)
[2019.09.21-02.31.32:975][119]LogModuleManager: Shutting down and abandoning module LogVisualizer (522)
[2019.09.21-02.31.32:975][119]LogModuleManager: Shutting down and abandoning module IntroTutorials (520)
[2019.09.21-02.31.32:975][119]LogModuleManager: Shutting down and abandoning module GameProjectGeneration (519)
[2019.09.21-02.31.32:975][119]LogModuleManager: Shutting down and abandoning module LuminPlatformEditor (516)
[2019.09.21-02.31.32:975][119]LogModuleManager: Shutting down and abandoning module IOSPlatformEditor (514)
[2019.09.21-02.31.32:975][119]LogModuleManager: Shutting down and abandoning module HTML5PlatformEditor (512)
[2019.09.21-02.31.32:975][119]LogModuleManager: Shutting down and abandoning module AndroidPlatformEditor (510)
[2019.09.21-02.31.32:975][119]LogModuleManager: Shutting down and abandoning module AndroidDeviceDetection (509)
[2019.09.21-02.31.33:021][119]LogModuleManager: Shutting down and abandoning module WindowsPlatformEditor (506)
[2019.09.21-02.31.33:021][119]LogModuleManager: Shutting down and abandoning module LuminRuntimeSettings (504)
[2019.09.21-02.31.33:021][119]LogModuleManager: Shutting down and abandoning module IOSRuntimeSettings (502)
[2019.09.21-02.31.33:021][119]LogModuleManager: Shutting down and abandoning module AndroidRuntimeSettings (500)
[2019.09.21-02.31.33:021][119]LogModuleManager: Shutting down and abandoning module InputBindingEditor (498)
[2019.09.21-02.31.33:021][119]LogModuleManager: Shutting down and abandoning module MergeActors (496)
[2019.09.21-02.31.33:021][119]LogModuleManager: Shutting down and abandoning module LocalizationDashboard (494)
[2019.09.21-02.31.33:021][119]LogModuleManager: Shutting down and abandoning module LocalizationService (493)
[2019.09.21-02.31.33:021][119]LogModuleManager: Shutting down and abandoning module HardwareTargeting (490)
[2019.09.21-02.31.33:022][119]LogModuleManager: Shutting down and abandoning module DeviceProfileEditor (488)
[2019.09.21-02.31.33:022][119]LogModuleManager: Shutting down and abandoning module UndoHistory (486)
[2019.09.21-02.31.33:022][119]LogModuleManager: Shutting down and abandoning module XmlParser (484)
[2019.09.21-02.31.33:022][119]LogModuleManager: Shutting down and abandoning module Blutility (482)
[2019.09.21-02.31.33:022][119]LogModuleManager: Shutting down and abandoning module ProjectSettingsViewer (480)
[2019.09.21-02.31.33:022][119]LogModuleManager: Shutting down and abandoning module ProjectTargetPlatformEditor (479)
[2019.09.21-02.31.33:022][119]LogModuleManager: Shutting down and abandoning module EditorSettingsViewer (476)
[2019.09.21-02.31.33:022][119]LogModuleManager: Shutting down and abandoning module SettingsEditor (474)
[2019.09.21-02.31.33:022][119]LogModuleManager: Shutting down and abandoning module ProjectLauncher (472)
[2019.09.21-02.31.33:022][119]LogModuleManager: Shutting down and abandoning module SessionFrontend (470)
[2019.09.21-02.31.33:022][119]LogModuleManager: Shutting down and abandoning module ProfilerClient (468)
[2019.09.21-02.31.33:022][119]LogModuleManager: Shutting down and abandoning module DeviceManager (466)
[2019.09.21-02.31.33:022][119]LogModuleManager: Shutting down and abandoning module TargetDeviceServices (465)
[2019.09.21-02.31.33:075][119]LogModuleManager: Shutting down and abandoning module AutomationController (462)
[2019.09.21-02.31.33:075][119]LogModuleManager: Shutting down and abandoning module AutomationWindow (460)
[2019.09.21-02.31.33:075][119]LogModuleManager: Shutting down and abandoning module Layers (458)
[2019.09.21-02.31.33:075][119]LogModuleManager: Shutting down and abandoning module ComponentVisualizers (456)
[2019.09.21-02.31.33:075][119]LogModuleManager: Shutting down and abandoning module DetailCustomizations (454)
[2019.09.21-02.31.33:075][119]LogModuleManager: Shutting down and abandoning module PackagesDialog (452)
[2019.09.21-02.31.33:075][119]LogModuleManager: Shutting down and abandoning module Persona (450)
[2019.09.21-02.31.33:075][119]LogModuleManager: Shutting down and abandoning module AdvancedPreviewScene (449)
[2019.09.21-02.31.33:075][119]LogModuleManager: Shutting down and abandoning module AnimGraph (447)
[2019.09.21-02.31.33:075][119]LogModuleManager: Shutting down and abandoning module Kismet (444)
[2019.09.21-02.31.33:075][119]LogModuleManager: Shutting down and abandoning module GraphEditor (442)
[2019.09.21-02.31.33:075][119]LogModuleManager: Shutting down and abandoning module ClassViewer (440)
[2019.09.21-02.31.33:075][119]LogModuleManager: Shutting down and abandoning module Toolbox (438)
[2019.09.21-02.31.33:075][119]LogModuleManager: Shutting down and abandoning module ModuleUI (436)
[2019.09.21-02.31.33:075][119]LogModuleManager: Shutting down and abandoning module MovieSceneTools (434)
[2019.09.21-02.31.33:075][119]LogModuleManager: Shutting down and abandoning module OutputLog (432)
[2019.09.21-02.31.33:075][119]LogModuleManager: Shutting down and abandoning module GammaUI (430)
[2019.09.21-02.31.33:076][119]LogModuleManager: Shutting down and abandoning module Documentation (428)
[2019.09.21-02.31.33:076][119]LogModuleManager: Shutting down and abandoning module MovieSceneTracks (426)
[2019.09.21-02.31.33:076][119]LogModuleManager: Shutting down and abandoning module MovieScene (424)
[2019.09.21-02.31.33:076][119]LogModuleManager: Shutting down and abandoning module StreamingPauseRendering (422)
[2019.09.21-02.31.33:076][119]LogModuleManager: Shutting down and abandoning module LauncherPlatform (420)
[2019.09.21-02.31.33:076][119]LogModuleManager: Shutting down and abandoning module AnalyticsET (418)
[2019.09.21-02.31.33:076][119]LogModuleManager: Shutting down and abandoning module PortalServices (416)
[2019.09.21-02.31.33:076][119]LogModuleManager: Shutting down and abandoning module PortalRpc (414)
[2019.09.21-02.31.33:076][119]LogModuleManager: Shutting down and abandoning module MessagingRpc (412)
[2019.09.21-02.31.33:076][119]LogModuleManager: Shutting down and abandoning module AIModule (410)
[2019.09.21-02.31.33:076][119]LogModuleManager: Shutting down and abandoning module GameplayDebugger (409)
[2019.09.21-02.31.33:076][119]LogModuleManager: Shutting down and abandoning module AITestSuite (407)
[2019.09.21-02.31.33:076][119]LogModuleManager: Shutting down and abandoning module NavigationSystem (405)
[2019.09.21-02.31.33:076][119]LogModuleManager: Shutting down and abandoning module DesktopPlatform (402)
[2019.09.21-02.31.33:076][119]LogModuleManager: Shutting down and abandoning module ProfilerService (400)
[2019.09.21-02.31.33:218][119]LogModuleManager: Shutting down and abandoning module TaskGraph (398)
[2019.09.21-02.31.33:218][119]LogModuleManager: Shutting down and abandoning module SteamVRController (396)
[2019.09.21-02.31.33:218][119]LogModuleManager: Shutting down and abandoning module ProceduralMeshComponentEditor (394)
[2019.09.21-02.31.33:218][119]LogModuleManager: Shutting down and abandoning module ProceduralMeshComponent (392)
[2019.09.21-02.31.33:218][119]LogModuleManager: Shutting down and abandoning module OculusInput (390)
[2019.09.21-02.31.33:218][119]LogModuleManager: Shutting down and abandoning module MobilePatchingUtils (388)
[2019.09.21-02.31.33:219][119]LogModuleManager: Shutting down and abandoning module EditableMesh (386)
[2019.09.21-02.31.33:219][119]LogModuleManager: Shutting down and abandoning module CustomMeshComponent (384)
[2019.09.21-02.31.33:219][119]LogModuleManager: Shutting down and abandoning module CableComponent (382)
[2019.09.21-02.31.33:219][119]LogModuleManager: Shutting down and abandoning module AudioCapture (380)
[2019.09.21-02.31.33:219][119]LogModuleManager: Shutting down and abandoning module ArchVisCharacter (378)
[2019.09.21-02.31.33:219][119]LogModuleManager: Shutting down and abandoning module AndroidPermission (376)
[2019.09.21-02.31.33:219][119]LogModuleManager: Shutting down and abandoning module NUTUnrealEngine4 (374)
[2019.09.21-02.31.33:219][119]LogModuleManager: Shutting down and abandoning module NetcodeUnitTest (372)
[2019.09.21-02.31.33:219][119]LogModuleManager: Shutting down and abandoning module MediaCompositingEditor (370)
[2019.09.21-02.31.33:219][119]LogModuleManager: Shutting down and abandoning module MediaCompositing (368)
[2019.09.21-02.31.33:219][119]LogModuleManager: Shutting down and abandoning module LinearTimecode (366)
[2019.09.21-02.31.33:219][119]LogModuleManager: Shutting down and abandoning module ImgMedia (364)
[2019.09.21-02.31.33:222][119]LogModuleManager: Shutting down and abandoning module HTML5Networking (362)
[2019.09.21-02.31.33:223][119]LogModuleManager: Shutting down and abandoning module GeometryCacheTracks (360)
[2019.09.21-02.31.33:223][119]LogModuleManager: Shutting down and abandoning module GeometryCacheSequencer (358)
[2019.09.21-02.31.33:223][119]LogModuleManager: Shutting down and abandoning module BackChannel (356)
[2019.09.21-02.31.33:223][119]LogModuleManager: Shutting down and abandoning module AppleVision (354)
[2019.09.21-02.31.33:223][119]LogModuleManager: Shutting down and abandoning module AppleImageUtils (352)
[2019.09.21-02.31.33:223][119]LogModuleManager: Shutting down and abandoning module AlembicImporter (350)
[2019.09.21-02.31.33:223][119]LogModuleManager: Shutting down and abandoning module AlembicLibrary (349)
[2019.09.21-02.31.33:223][119]LogModuleManager: Shutting down and abandoning module GeometryCache (348)
[2019.09.21-02.31.33:223][119]LogModuleManager: Shutting down and abandoning module GeometryCacheEd (347)
[2019.09.21-02.31.33:223][119]LogModuleManager: Shutting down and abandoning module DatasmithContentEditor (342)
[2019.09.21-02.31.33:223][119]LogModuleManager: Shutting down and abandoning module DatasmithContent (340)
[2019.09.21-02.31.33:224][119]LogModuleManager: Shutting down and abandoning module SpeedTreeImporter (338)
[2019.09.21-02.31.33:224][119]LogModuleManager: Shutting down and abandoning module PluginBrowser (336)
[2019.09.21-02.31.33:224][119]LogModuleManager: Shutting down and abandoning module MobileLauncherProfileWizard (334)
[2019.09.21-02.31.33:224][119]LogModuleManager: Shutting down and abandoning module PolygonModeling (332)
[2019.09.21-02.31.33:224][119]LogModuleManager: Shutting down and abandoning module MeshEditor (330)
[2019.09.21-02.31.33:224][119]LogModuleManager: Shutting down and abandoning module CryptoKeysOpenSSL (328)
[2019.09.21-02.31.33:224][119]LogModuleManager: Shutting down and abandoning module CryptoKeys (326)
[2019.09.21-02.31.33:224][119]LogModuleManager: Shutting down and abandoning module VisualStudioSourceCodeAccess (324)
[2019.09.21-02.31.33:224][119]LogModuleManager: Shutting down and abandoning module VisualStudioCodeSourceCodeAccess (322)
[2019.09.21-02.31.33:224][119]LogModuleManager: Shutting down and abandoning module UObjectPlugin (320)
[2019.09.21-02.31.33:224][119]LogModuleManager: Shutting down and abandoning module SubversionSourceControl (318)
[2019.09.21-02.31.33:224][119]LogModuleManager: Shutting down and abandoning module PerforceSourceControl (316)
[2019.09.21-02.31.33:224][119]LogModuleManager: Shutting down and abandoning module GitSourceControl (314)
[2019.09.21-02.31.33:224][119]LogModuleManager: Shutting down and abandoning module SourceControl (313)
[2019.09.21-02.31.33:224][119]LogModuleManager: Shutting down and abandoning module CLionSourceCodeAccess (310)
[2019.09.21-02.31.33:224][119]LogModuleManager: Shutting down and abandoning module LightPropagationVolumeEditor (308)
[2019.09.21-02.31.33:224][119]LogModuleManager: Shutting down and abandoning module PaperTiledImporter (306)
[2019.09.21-02.31.33:224][119]LogModuleManager: Shutting down and abandoning module PaperSpriteSheetImporter (304)
[2019.09.21-02.31.33:224][119]LogModuleManager: Shutting down and abandoning module Paper2DEditor (302)
[2019.09.21-02.31.33:224][119]LogModuleManager: Shutting down and abandoning module MeshPaint (301)
[2019.09.21-02.31.33:224][119]LogModuleManager: Shutting down and abandoning module RuntimePhysXCooking (298)
[2019.09.21-02.31.33:224][119]LogModuleManager: Shutting down and abandoning module PhysXVehiclesEditor (296)
[2019.09.21-02.31.33:224][119]LogModuleManager: Shutting down and abandoning module PhysXVehicles (294)
[2019.09.21-02.31.33:224][119]LogModuleManager: Shutting down and abandoning module OculusEditor (292)
[2019.09.21-02.31.33:224][119]LogModuleManager: Shutting down and abandoning module LocationServicesBPLibrary (290)
[2019.09.21-02.31.33:224][119]LogModuleManager: Shutting down and abandoning module ImmediatePhysicsEditor (288)
[2019.09.21-02.31.33:224][119]LogModuleManager: Shutting down and abandoning module ImmediatePhysics (286)
[2019.09.21-02.31.33:224][119]LogModuleManager: Shutting down and abandoning module ActorSequence (284)
[2019.09.21-02.31.33:224][119]LogModuleManager: Shutting down and abandoning module UdpMessaging (282)
[2019.09.21-02.31.33:325][119]LogModuleManager: Shutting down and abandoning module TcpMessaging (280)
[2019.09.21-02.31.33:515][119]LogModuleManager: Shutting down and abandoning module MagicLeapAudio (278)
[2019.09.21-02.31.33:515][119]LogModuleManager: Shutting down and abandoning module GameplayTagsEditor (276)
[2019.09.21-02.31.33:515][119]LogModuleManager: Shutting down and abandoning module FacialAnimationEditor (274)
[2019.09.21-02.31.33:515][119]LogModuleManager: Shutting down and abandoning module FacialAnimation (272)
[2019.09.21-02.31.33:515][119]LogModuleManager: Shutting down and abandoning module DataValidation (270)
[2019.09.21-02.31.33:515][119]LogModuleManager: Shutting down and abandoning module AssetManagerEditor (268)
[2019.09.21-02.31.33:515][119]LogModuleManager: Shutting down and abandoning module LevelEditor (267)
[2019.09.21-02.31.33:516][119]LogModuleManager: Shutting down and abandoning module PixelInspectorModule (266)
[2019.09.21-02.31.33:516][119]LogModuleManager: Shutting down and abandoning module CommonMenuExtensions (264)
[2019.09.21-02.31.33:516][119]LogModuleManager: Shutting down and abandoning module MainFrame (262)
[2019.09.21-02.31.33:516][119]LogModuleManager: Shutting down and abandoning module HotReload (261)
[2019.09.21-02.31.33:517][119]LogModuleManager: Shutting down and abandoning module ContentBrowser (257)
[2019.09.21-02.31.33:518][119]LogModuleManager: Shutting down and abandoning module TreeMap (255)
[2019.09.21-02.31.33:518][119]LogModuleManager: Shutting down and abandoning module LightPropagationVolumeRuntime (252)
[2019.09.21-02.31.33:518][119]LogModuleManager: Shutting down and abandoning module AISupportModule (250)
[2019.09.21-02.31.33:518][119]LogModuleManager: Shutting down and abandoning module Paper2D (248)
[2019.09.21-02.31.33:518][119]LogModuleManager: Shutting down and abandoning module WindowsMoviePlayer (246)
[2019.09.21-02.31.33:518][119]LogModuleManager: Shutting down and abandoning module WmfMedia (244)
[2019.09.21-02.31.33:519][119]LogModuleManager: Shutting down and abandoning module Media (243)
[2019.09.21-02.31.33:526][119]LogModuleManager: Shutting down and abandoning module PacketHandler (240)
[2019.09.21-02.31.33:526][119]LogModuleManager: Shutting down and abandoning module ClothingSystemEditor (238)
[2019.09.21-02.31.33:526][119]LogModuleManager: Shutting down and abandoning module ClothingSystemRuntime (236)
[2019.09.21-02.31.33:526][119]LogModuleManager: Shutting down and abandoning module MediaAssets (234)
[2019.09.21-02.31.33:526][119]LogModuleManager: Shutting down and abandoning module Overlay (232)
[2019.09.21-02.31.33:526][119]LogModuleManager: Shutting down and abandoning module OverlayEditor (231)
[2019.09.21-02.31.33:526][119]LogModuleManager: Shutting down and abandoning module VREditor (228)
[2019.09.21-02.31.33:526][119]LogModuleManager: Shutting down and abandoning module StringTableEditor (226)
[2019.09.21-02.31.33:527][119]LogModuleManager: Shutting down and abandoning module GameplayTasksEditor (224)
[2019.09.21-02.31.33:527][119]LogModuleManager: Shutting down and abandoning module BehaviorTreeEditor (222)
[2019.09.21-02.31.33:527][119]LogModuleManager: Shutting down and abandoning module FunctionalTesting (220)
[2019.09.21-02.31.33:527][119]LogModuleManager: Shutting down and abandoning module CollisionAnalyzer (218)
[2019.09.21-02.31.33:527][119]LogModuleManager: Shutting down and abandoning module WorkspaceMenuStructure (217)
[2019.09.21-02.31.33:527][119]LogModuleManager: Shutting down and abandoning module UMG (214)
[2019.09.21-02.31.33:527][119]LogModuleManager: Shutting down and abandoning module UMGEditor (213)
[2019.09.21-02.31.33:527][119]LogModuleManager: Shutting down and abandoning module Sequencer (212)
[2019.09.21-02.31.33:527][119]LogModuleManager: Shutting down and abandoning module MessageLog (209)
[2019.09.21-02.31.33:527][119]LogModuleManager: Shutting down and abandoning module SlateReflector (204)
[2019.09.21-02.31.33:527][119]LogModuleManager: Shutting down and abandoning module Slate (202)
[2019.09.21-02.31.33:527][119]LogModuleManager: Shutting down and abandoning module EditorStyle (200)
[2019.09.21-02.31.33:528][119]LogModuleManager: Shutting down and abandoning module MRMesh (198)
[2019.09.21-02.31.33:529][119]LogModuleManager: Shutting down and abandoning module SourceCodeAccess (196)
[2019.09.21-02.31.33:529][119]LogModuleManager: Shutting down and abandoning module HeadMountedDisplay (194)
[2019.09.21-02.31.33:529][119]LogModuleManager: Shutting down and abandoning module XAudio2 (192)
[2019.09.21-02.31.33:529][119]LogModuleManager: Shutting down and abandoning module Networking (190)
[2019.09.21-02.31.33:529][119]LogModuleManager: Shutting down and abandoning module Core (188)
[2019.09.21-02.31.33:529][119]LogModuleManager: Shutting down and abandoning module LevelSequence (186)
[2019.09.21-02.31.33:529][119]LogModuleManager: Shutting down and abandoning module KismetCompiler (184)
[2019.09.21-02.31.33:529][119]LogModuleManager: Shutting down and abandoning module MeshUtilities (182)
[2019.09.21-02.31.33:529][119]LogModuleManager: Shutting down and abandoning module MeshMergeUtilities (181)
[2019.09.21-02.31.33:529][119]LogModuleManager: Shutting down and abandoning module MeshReductionInterface (180)
[2019.09.21-02.31.33:529][119]LogModuleManager: Shutting down and abandoning module SimplygonSwarm (179)
[2019.09.21-02.31.33:529][119]LogModuleManager: Shutting down and abandoning module ProxyLODMeshReduction (177)
[2019.09.21-02.31.33:529][119]LogModuleManager: Shutting down and abandoning module SimplygonMeshReduction (175)
[2019.09.21-02.31.33:529][119]LogModuleManager: Shutting down and abandoning module QuadricMeshReduction (173)
[2019.09.21-02.31.33:529][119]LogModuleManager: Shutting down and abandoning module MaterialBaking (169)
[2019.09.21-02.31.33:529][119]LogModuleManager: Shutting down and abandoning module DirectoryWatcher (165)
[2019.09.21-02.31.33:529][119]LogModuleManager: Shutting down and abandoning module DerivedDataCache (162)
[2019.09.21-02.31.33:589][119]LogDerivedDataCache: Shutdown
[2019.09.21-02.31.33:589][119]LogModuleManager: Shutting down and abandoning module XGEController (160)
[2019.09.21-02.31.33:589][119]LogXGEController: Cleaning working directory: C:/Users/jonah/AppData/Local/Temp/UnrealXGEWorkingDir/
[2019.09.21-02.31.33:590][119]LogModuleManager: Shutting down and abandoning module TargetPlatform (158)
[2019.09.21-02.31.33:590][119]LogModuleManager: Shutting down and abandoning module VulkanShaderFormat (157)
[2019.09.21-02.31.33:590][119]LogModuleManager: Shutting down and abandoning module ShaderFormatVectorVM (155)
[2019.09.21-02.31.33:590][119]LogModuleManager: Shutting down and abandoning module ShaderFormatOpenGL (153)
[2019.09.21-02.31.33:590][119]LogModuleManager: Shutting down and abandoning module ShaderFormatD3D (151)
[2019.09.21-02.31.33:590][119]LogModuleManager: Shutting down and abandoning module MetalShaderFormat (149)
[2019.09.21-02.31.33:590][119]LogModuleManager: Shutting down and abandoning module TextureFormatUncompressed (147)
[2019.09.21-02.31.33:590][119]LogModuleManager: Shutting down and abandoning module TextureFormatPVR (145)
[2019.09.21-02.31.33:590][119]LogModuleManager: Shutting down and abandoning module TextureFormatDXT (143)
[2019.09.21-02.31.33:590][119]LogModuleManager: Shutting down and abandoning module TextureFormatIntelISPCTexComp (141)
[2019.09.21-02.31.33:590][119]LogModuleManager: Shutting down and abandoning module TextureFormatASTC (139)
[2019.09.21-02.31.33:590][119]LogModuleManager: Shutting down and abandoning module ImageWrapper (138)
[2019.09.21-02.31.33:590][119]LogModuleManager: Shutting down and abandoning module TextureFormatAndroid (135)
[2019.09.21-02.31.33:590][119]LogModuleManager: Shutting down and abandoning module AudioFormatOpus (133)
[2019.09.21-02.31.33:590][119]LogModuleManager: Shutting down and abandoning module AudioFormatOgg (131)
[2019.09.21-02.31.33:590][119]LogModuleManager: Shutting down and abandoning module AudioFormatADPCM (129)
[2019.09.21-02.31.33:590][119]LogModuleManager: Shutting down and abandoning module LuminTargetPlatform (127)
[2019.09.21-02.31.33:590][119]LogModuleManager: Shutting down and abandoning module LinuxTargetPlatform (125)
[2019.09.21-02.31.33:590][119]LogModuleManager: Shutting down and abandoning module LinuxServerTargetPlatform (123)
[2019.09.21-02.31.33:590][119]LogModuleManager: Shutting down and abandoning module LinuxNoEditorTargetPlatform (121)
[2019.09.21-02.31.33:590][119]LogModuleManager: Shutting down and abandoning module LinuxClientTargetPlatform (119)
[2019.09.21-02.31.33:590][119]LogModuleManager: Shutting down and abandoning module TVOSTargetPlatform (117)
[2019.09.21-02.31.33:591][119]LogModuleManager: Shutting down and abandoning module Messaging (115)
[2019.09.21-02.31.33:591][119]LogModuleManager: Shutting down and abandoning module IOSTargetPlatform (113)
[2019.09.21-02.31.33:593][119]LogModuleManager: Shutting down and abandoning module HTML5TargetPlatform (111)
[2019.09.21-02.31.33:593][119]LogModuleManager: Shutting down and abandoning module AndroidTargetPlatform (109)
[2019.09.21-02.31.33:600][119]LogModuleManager: Shutting down and abandoning module WindowsTargetPlatform (107)
[2019.09.21-02.31.33:600][119]LogModuleManager: Shutting down and abandoning module WindowsServerTargetPlatform (105)
[2019.09.21-02.31.33:600][119]LogModuleManager: Shutting down and abandoning module WindowsNoEditorTargetPlatform (103)
[2019.09.21-02.31.33:600][119]LogModuleManager: Shutting down and abandoning module WindowsClientTargetPlatform (101)
[2019.09.21-02.31.33:600][119]LogModuleManager: Shutting down and abandoning module MacTargetPlatform (99)
[2019.09.21-02.31.33:600][119]LogModuleManager: Shutting down and abandoning module MacServerTargetPlatform (97)
[2019.09.21-02.31.33:600][119]LogModuleManager: Shutting down and abandoning module MacNoEditorTargetPlatform (95)
[2019.09.21-02.31.33:600][119]LogModuleManager: Shutting down and abandoning module MacClientTargetPlatform (93)
[2019.09.21-02.31.33:600][119]LogModuleManager: Shutting down and abandoning module AllDesktopTargetPlatform (91)
[2019.09.21-02.31.33:600][119]LogModuleManager: Shutting down and abandoning module InputCore (88)
[2019.09.21-02.31.33:600][119]LogModuleManager: Shutting down and abandoning module Settings (86)
[2019.09.21-02.31.33:600][119]LogModuleManager: Shutting down and abandoning module PhysXCooking (84)
[2019.09.21-02.31.33:600][119]LogModuleManager: Shutting down and abandoning module SteamVR (82)
[2019.09.21-02.31.33:600][119]LogModuleManager: Shutting down and abandoning module OculusHMD (80)
[2019.09.21-02.31.33:600][119]LogModuleManager: Shutting down and abandoning module ExampleDeviceProfileSelector (78)
[2019.09.21-02.31.33:600][119]LogModuleManager: Shutting down and abandoning module LauncherChunkInstaller (76)
[2019.09.21-02.31.33:601][119]LogModuleManager: Shutting down and abandoning module OnlineBlueprintSupport (74)
[2019.09.21-02.31.33:601][119]LogModuleManager: Shutting down and abandoning module OnlineSubsystem (70)
[2019.09.21-02.31.33:601][119]LogModuleManager: Shutting down and abandoning module XMPP (65)
[2019.09.21-02.31.33:601][119]LogModuleManager: Shutting down and abandoning module WebSockets (64)
[2019.09.21-02.31.33:620][119]LogModuleManager: Shutting down and abandoning module HTTP (61)
[2019.09.21-02.31.33:620][119]LogHttp: Display: Http module shutting down, but needs to wait on 1 outstanding Http requests:
[2019.09.21-02.31.33:620][119]LogHttp: Display: 	verb=[POST] url=[https://datarouter.ol.epicgames.com/datarouter/api/v1/public/data?SessionID=%7B1871A973-4F22-0283-F350-B882EB4A3692%7D&AppID=UEEditor.Rocket.Release&AppVersion=4.20.3-4369336%2B%2B%2BUE4%2BRelease-4.20&UserID=dba9fd634cfae086bb1ff098bb4bc278%7Cb0d0b45ead494b9ebb34295aed4c71e9%7C1efccb68-386d-4903-ad05-c0d08dd9fe76&AppEnvironment=datacollector-binary&UploadType=eteventstream] status=Processing
[2019.09.21-02.31.33:623][119]LogModuleManager: Shutting down and abandoning module SSL (60)
[2019.09.21-02.31.33:624][119]LogModuleManager: Shutting down and abandoning module MagicLeapEmulator (56)
[2019.09.21-02.31.33:624][119]LogModuleManager: Shutting down and abandoning module MagicLeapPrivileges (54)
[2019.09.21-02.31.33:624][119]LogModuleManager: Shutting down and abandoning module MagicLeapIdentity (52)
[2019.09.21-02.31.33:624][119]LogModuleManager: Shutting down and abandoning module MagicLeapHelperVulkan (50)
[2019.09.21-02.31.33:624][119]LogModuleManager: Shutting down and abandoning module MagicLeapHelperOpenGL (48)
[2019.09.21-02.31.33:624][119]LogModuleManager: Shutting down and abandoning module MagicLeapSecureStorage (46)
[2019.09.21-02.31.33:624][119]LogModuleManager: Shutting down and abandoning module MagicLeapGestures (44)
[2019.09.21-02.31.33:624][119]LogModuleManager: Shutting down and abandoning module MagicLeapEyeTracker (42)
[2019.09.21-02.31.33:624][119]LogModuleManager: Shutting down and abandoning module MagicLeapController (40)
[2019.09.21-02.31.33:624][119]LogSlate: Slate User Destroyed.  User Index 0, Is Virtual User: 0
[2019.09.21-02.31.33:625][119]LogModuleManager: Shutting down and abandoning module MagicLeap (38)
[2019.09.21-02.31.33:625][119]LogModuleManager: Shutting down and abandoning module AnimationModifiers (36)
[2019.09.21-02.31.33:625][119]LogModuleManager: Shutting down and abandoning module PropertyEditor (35)
[2019.09.21-02.31.33:625][119]LogModuleManager: Shutting down and abandoning module AudioEditor (32)
[2019.09.21-02.31.33:625][119]LogModuleManager: Shutting down and abandoning module TextureCompressor (30)
[2019.09.21-02.31.33:625][119]LogModuleManager: Shutting down and abandoning module ShaderCore (28)
[2019.09.21-02.31.33:625][119]LogModuleManager: Shutting down and abandoning module Landscape (26)
[2019.09.21-02.31.33:625][119]LogModuleManager: Shutting down and abandoning module SlateRHIRenderer (24)
[2019.09.21-02.31.33:625][119]LogModuleManager: Shutting down and abandoning module OpenGLDrv (22)
[2019.09.21-02.31.33:625][119]LogModuleManager: Shutting down and abandoning module D3D11RHI (20)
[2019.09.21-02.31.33:625][119]LogModuleManager: Shutting down and abandoning module AnimGraphRuntime (18)
[2019.09.21-02.31.33:625][119]LogModuleManager: Shutting down and abandoning module Renderer (16)
[2019.09.21-02.31.33:625][119]LogModuleManager: Shutting down and abandoning module Engine (14)
[2019.09.21-02.31.33:625][119]LogModuleManager: Shutting down and abandoning module CoreUObject (12)
[2019.09.21-02.31.33:625][119]LogModuleManager: Shutting down and abandoning module NetworkFile (10)
[2019.09.21-02.31.33:625][119]LogModuleManager: Shutting down and abandoning module CookedIterativeFile (8)
[2019.09.21-02.31.33:625][119]LogModuleManager: Shutting down and abandoning module StreamingFile (6)
[2019.09.21-02.31.33:625][119]LogModuleManager: Shutting down and abandoning module SandboxFile (4)
[2019.09.21-02.31.33:626][119]LogModuleManager: Shutting down and abandoning module PakFile (2)
[2019.09.21-02.31.33:632][119]LogExit: Exiting.
[2019.09.21-02.31.33:634][119]Log file closed, 09/20/19 21:31:33
